{:server-socket #<ServerSocket ServerSocket[addr=localhost/127.0.0.1,port=0,localport=55220]>, :connections #<Ref@102d81c: #{}>}
Downloading: org/clojure/clojure/1.3.0/clojure-1.3.0.jar from repository clojure at http://build.clojure.org/releases
Unable to locate resource in repository
[INFO] Unable to find resource 'org.clojure:clojure:jar:1.3.0' in repository clojure (http://build.clojure.org/releases)
Downloading: org/clojure/clojure/1.3.0/clojure-1.3.0.jar from repository clojure-snapshots at http://build.clojure.org/snapshots
Unable to locate resource in repository
[INFO] Unable to find resource 'org.clojure:clojure:jar:1.3.0' in repository clojure-snapshots (http://build.clojure.org/snapshots)
Downloading: org/clojure/clojure/1.3.0/clojure-1.3.0.jar from repository clojars at http://clojars.org/repo
Unable to locate resource in repository
[INFO] Unable to find resource 'org.clojure:clojure:jar:1.3.0' in repository clojars (http://clojars.org/repo)
Downloading: org/clojure/clojure/1.3.0/clojure-1.3.0.jar from repository maven at http://repo1.maven.org/maven2
3-Nov-2011 1:05:40 AM sun.reflect.GeneratedMethodAccessor71 invoke
INFO: booting internal audio server
3-Nov-2011 1:05:41 AM sun.reflect.GeneratedMethodAccessor71 invoke
INFO: Boot listener has detected the internal server has booted...
3-Nov-2011 1:05:42 AM sun.reflect.GeneratedMethodAccessor71 invoke
INFO: jack_connect SuperCollider:out_1system:playback_1
3-Nov-2011 1:05:42 AM sun.reflect.GeneratedMethodAccessor71 invoke
INFO: jack_connect SuperCollider:out_2system:playback_2
3-Nov-2011 1:05:42 AM sun.reflect.GeneratedMethodAccessor71 invoke
INFO: jack_connect system:capture_1SuperCollider:in_1
3-Nov-2011 1:05:42 AM sun.reflect.GeneratedMethodAccessor71 invoke
INFO: jack_connect system:capture_2SuperCollider:in_2
3-Nov-2011 1:05:42 AM sun.reflect.GeneratedMethodAccessor71 invoke
INFO: Creating studio group at head of: 2
TOO LOUD!! (audio clipped) Bus: 1
TOO LOUD!! (audio clipped) Bus: 0
TOO LOUD!! (audio clipped) Bus: 1
TOO LOUD!! (audio clipped) Bus: 0
TOO LOUD!! (audio clipped) Bus: 1
TOO LOUD!! (audio clipped) Bus: 0
{:server-socket #<ServerSocket ServerSocket[addr=localhost/127.0.0.1,port=0,localport=43713]>, :connections #<Ref@102d81c: #{}>}
{:server-socket #<ServerSocket ServerSocket[addr=localhost/127.0.0.1,port=0,localport=33907]>, :connections #<Ref@1f6b81c: #{}>}
{:server-socket #<ServerSocket ServerSocket[addr=localhost/127.0.0.1,port=0,localport=30383]>, :connections #<Ref@ec849e: #{}>}
exception in read loop
java.lang.Exception: Error reading swank message
	at sun.reflect.NativeConstructorAccessorImpl.newInstance0(Native Method)
	at sun.reflect.NativeConstructorAccessorImpl.newInstance(NativeConstructorAccessorImpl.java:57)
	at sun.reflect.DelegatingConstructorAccessorImpl.newInstance(DelegatingConstructorAccessorImpl.java:45)
	at java.lang.reflect.Constructor.newInstance(Constructor.java:532)
	at clojure.lang.Compiler$NewExpr.eval(Compiler.java:2373)
	at clojure.lang.Compiler$DefExpr.eval(Compiler.java:375)
	at clojure.lang.Compiler.eval(Compiler.java:6470)
	at clojure.lang.Compiler.load(Compiler.java:6902)
	at clojure.lang.RT.loadResourceScript(RT.java:357)
	at clojure.lang.RT.loadResourceScript(RT.java:348)
	at clojure.lang.RT.load(RT.java:427)
	at clojure.lang.RT.load(RT.java:398)
	at clojure.core$load$fn__4610.invoke(core.clj:5386)
	at clojure.core$load.doInvoke(core.clj:5385)
	at clojure.lang.RestFn.invoke(RestFn.java:408)
	at clojure.core$load_one.invoke(core.clj:5200)
	at clojure.core$load_lib.doInvoke(core.clj:5237)
	at clojure.lang.RestFn.applyTo(RestFn.java:142)
	at clojure.core$apply.invoke(core.clj:602)
	at clojure.core$load_libs.doInvoke(core.clj:5275)
	at clojure.lang.RestFn.applyTo(RestFn.java:137)
	at clojure.core$apply.invoke(core.clj:604)
	at clojure.core$use.doInvoke(core.clj:5363)
	at clojure.lang.RestFn.invoke(RestFn.java:436)
	at swank.core.connection$eval425$loading__4505__auto____426.invoke(connection.clj:1)
	at swank.core.connection$eval425.invoke(connection.clj:1)
	at clojure.lang.Compiler.eval(Compiler.java:6465)
	at clojure.lang.Compiler.eval(Compiler.java:6455)
	at clojure.lang.Compiler.load(Compiler.java:6902)
	at clojure.lang.RT.loadResourceScript(RT.java:357)
	at clojure.lang.RT.loadResourceScript(RT.java:348)
	at clojure.lang.RT.load(RT.java:427)
	at clojure.lang.RT.load(RT.java:398)
	at clojure.core$load$fn__4610.invoke(core.clj:5386)
	at clojure.core$load.doInvoke(core.clj:5385)
	at clojure.lang.RestFn.invoke(RestFn.java:408)
	at clojure.core$load_one.invoke(core.clj:5200)
	at clojure.core$load_lib.doInvoke(core.clj:5237)
	at clojure.lang.RestFn.applyTo(RestFn.java:142)
	at clojure.core$apply.invoke(core.clj:602)
	at clojure.core$load_libs.doInvoke(core.clj:5275)
	at clojure.lang.RestFn.applyTo(RestFn.java:137)
	at clojure.core$apply.invoke(core.clj:604)
	at clojure.core$use.doInvoke(core.clj:5363)
	at clojure.lang.RestFn.invoke(RestFn.java:457)
	at swank.core$eval297$loading__4505__auto____298.invoke(core.clj:1)
	at swank.core$eval297.invoke(core.clj:1)
	at clojure.lang.Compiler.eval(Compiler.java:6465)
	at clojure.lang.Compiler.eval(Compiler.java:6455)
	at clojure.lang.Compiler.load(Compiler.java:6902)
	at clojure.lang.RT.loadResourceScript(RT.java:357)
	at clojure.lang.RT.loadResourceScript(RT.java:348)
	at clojure.lang.RT.load(RT.java:427)
	at clojure.lang.RT.load(RT.java:398)
	at clojure.core$load$fn__4610.invoke(core.clj:5386)
	at clojure.core$load.doInvoke(core.clj:5385)
	at clojure.lang.RestFn.invoke(RestFn.java:408)
	at clojure.core$load_one.invoke(core.clj:5200)
	at clojure.core$load_lib.doInvoke(core.clj:5237)
	at clojure.lang.RestFn.applyTo(RestFn.java:142)
	at clojure.core$apply.invoke(core.clj:602)
	at clojure.core$load_libs.doInvoke(core.clj:5271)
	at clojure.lang.RestFn.applyTo(RestFn.java:137)
	at clojure.core$apply.invoke(core.clj:604)
	at clojure.core$use.doInvoke(core.clj:5363)
	at clojure.lang.RestFn.invoke(RestFn.java:512)
	at swank.swank$eval291$loading__4505__auto____292.invoke(swank.clj:11)
	at swank.swank$eval291.invoke(swank.clj:11)
	at clojure.lang.Compiler.eval(Compiler.java:6465)
	at clojure.lang.Compiler.eval(Compiler.java:6455)
	at clojure.lang.Compiler.load(Compiler.java:6902)
	at clojure.lang.RT.loadResourceScript(RT.java:357)
	at clojure.lang.RT.loadResourceScript(RT.java:348)
	at clojure.lang.RT.load(RT.java:427)
	at clojure.lang.RT.load(RT.java:398)
	at clojure.core$load$fn__4610.invoke(core.clj:5386)
	at clojure.core$load.doInvoke(core.clj:5385)
	at clojure.lang.RestFn.invoke(RestFn.java:408)
	at clojure.core$load_one.invoke(core.clj:5200)
	at clojure.core$load_lib.doInvoke(core.clj:5237)
	at clojure.lang.RestFn.applyTo(RestFn.java:142)
	at clojure.core$apply.invoke(core.clj:602)
	at clojure.core$load_libs.doInvoke(core.clj:5271)
	at clojure.lang.RestFn.applyTo(RestFn.java:137)
	at clojure.core$apply.invoke(core.clj:602)
	at clojure.core$require.doInvoke(core.clj:5352)
	at clojure.lang.RestFn.invoke(RestFn.java:421)
	at bake3353$eval285$loading__4505__auto____286.invoke(NO_SOURCE_FILE:0)
	at bake3353$eval285.invoke(NO_SOURCE_FILE)
	at clojure.lang.Compiler.eval(Compiler.java:6465)
	at clojure.lang.Compiler.eval(Compiler.java:6455)
	at clojure.lang.Compiler.eval(Compiler.java:6454)
	at clojure.lang.Compiler.eval(Compiler.java:6431)
	at clojure.core$eval.invoke(core.clj:2795)
	at clojure.core$eval277$fn__278$fn__279.invoke(NO_SOURCE_FILE)
	at clojure.core$eval277$fn__278.invoke(NO_SOURCE_FILE:0)
	at sun.reflect.NativeMethodAccessorImpl.invoke0(Native Method)
	at sun.reflect.NativeMethodAccessorImpl.invoke(NativeMethodAccessorImpl.java:57)
	at sun.reflect.DelegatingMethodAccessorImpl.invoke(DelegatingMethodAccessorImpl.java:43)
	at java.lang.reflect.Method.invoke(Method.java:616)
	at clojure.lang.Reflector.invokeMatchingMethod(Reflector.java:90)
	at clojure.lang.Reflector.invokeInstanceMethod(Reflector.java:28)
	at classlojure$eval_in$fn__1114.invoke(classlojure.clj:59)
	at classlojure$eval_in.doInvoke(classlojure.clj:52)
	at clojure.lang.RestFn.applyTo(RestFn.java:143)
	at clojure.core$apply.doInvoke(core.clj:548)
	at clojure.lang.RestFn.invoke(RestFn.java:534)
	at cake.project$project_eval.invoke(project.clj:114)
	at cake.tasks.swank$serve_swank$fn__1269.invoke(swank.clj:12)
	at swank.util.net.sockets$start_server_socket_BANG_$fn__1833$fn__1834.invoke(sockets.clj:42)
	at clojure.lang.AFn.applyToHelper(AFn.java:159)
	at clojure.lang.AFn.applyTo(AFn.java:151)
	at clojure.core$apply.invoke(core.clj:540)
	at swank.util.net.sockets$start_server_socket_BANG_$fn__1833.doInvoke(sockets.clj:38)
	at clojure.lang.RestFn.invoke(RestFn.java:398)
	at clojure.lang.AFn.run(AFn.java:24)
	at java.lang.Thread.run(Thread.java:679)
Exception in thread "Socket Server [13]" java.lang.RuntimeException: java.lang.ClassCastException: java.lang.String cannot be cast to java.io.File, compiling:(class_browse.clj:133)
	at clojure.lang.AFn.run(AFn.java:28)
	at java.lang.Thread.run(Thread.java:679)
Caused by: java.lang.ClassCastException: java.lang.String cannot be cast to java.io.File, compiling:(class_browse.clj:133)
	at clojure.lang.Compiler$InvokeExpr.eval(Compiler.java:3342)
	at clojure.lang.Compiler$InvokeExpr.eval(Compiler.java:3336)
	at clojure.lang.Compiler$DefExpr.eval(Compiler.java:375)
	at clojure.lang.Compiler.eval(Compiler.java:6470)
	at clojure.lang.Compiler.load(Compiler.java:6902)
	at clojure.lang.RT.loadResourceScript(RT.java:357)
	at clojure.lang.RT.loadResourceScript(RT.java:348)
	at clojure.lang.RT.load(RT.java:427)
	at clojure.lang.RT.load(RT.java:398)
	at clojure.core$load$fn__4610.invoke(core.clj:5386)
	at clojure.core$load.doInvoke(core.clj:5385)
	at clojure.lang.RestFn.invoke(RestFn.java:408)
	at clojure.core$load_one.invoke(core.clj:5200)
	at clojure.core$load_lib.doInvoke(core.clj:5237)
	at clojure.lang.RestFn.applyTo(RestFn.java:142)
	at clojure.core$apply.invoke(core.clj:602)
	at clojure.core$load_libs.doInvoke(core.clj:5275)
	at clojure.lang.RestFn.applyTo(RestFn.java:137)
	at clojure.core$apply.invoke(core.clj:604)
	at clojure.core$use.doInvoke(core.clj:5363)
	at clojure.lang.RestFn.invoke(RestFn.java:421)
	at swank.commands.completion$eval1335$loading__4505__auto____1336.invoke(completion.clj:1)
	at swank.commands.completion$eval1335.invoke(completion.clj:1)
	at clojure.lang.Compiler.eval(Compiler.java:6465)
	at clojure.lang.Compiler.eval(Compiler.java:6455)
	at clojure.lang.Compiler.load(Compiler.java:6902)
	at clojure.lang.RT.loadResourceScript(RT.java:357)
	at clojure.lang.RT.loadResourceScript(RT.java:348)
	at clojure.lang.RT.load(RT.java:427)
	at clojure.lang.RT.load(RT.java:398)
	at clojure.core$load$fn__4610.invoke(core.clj:5386)
	at clojure.core$load.doInvoke(core.clj:5385)
	at clojure.lang.RestFn.invoke(RestFn.java:408)
	at clojure.core$load_one.invoke(core.clj:5200)
	at clojure.core$load_lib.doInvoke(core.clj:5237)
	at clojure.lang.RestFn.applyTo(RestFn.java:142)
	at clojure.core$apply.invoke(core.clj:602)
	at clojure.core$load_libs.doInvoke(core.clj:5275)
	at clojure.lang.RestFn.applyTo(RestFn.java:137)
	at clojure.core$apply.invoke(core.clj:602)
	at clojure.core$require.doInvoke(core.clj:5352)
	at clojure.lang.RestFn.invoke(RestFn.java:421)
	at swank.swank$eval291$loading__4505__auto____292.invoke(swank.clj:11)
	at swank.swank$eval291.invoke(swank.clj:11)
	at clojure.lang.Compiler.eval(Compiler.java:6465)
	at clojure.lang.Compiler.eval(Compiler.java:6455)
	at clojure.lang.Compiler.load(Compiler.java:6902)
	at clojure.lang.RT.loadResourceScript(RT.java:357)
	at clojure.lang.RT.loadResourceScript(RT.java:348)
	at clojure.lang.RT.load(RT.java:427)
	at clojure.lang.RT.load(RT.java:398)
	at clojure.core$load$fn__4610.invoke(core.clj:5386)
	at clojure.core$load.doInvoke(core.clj:5385)
	at clojure.lang.RestFn.invoke(RestFn.java:408)
	at clojure.core$load_one.invoke(core.clj:5200)
	at clojure.core$load_lib.doInvoke(core.clj:5237)
	at clojure.lang.RestFn.applyTo(RestFn.java:142)
	at clojure.core$apply.invoke(core.clj:602)
	at clojure.core$load_libs.doInvoke(core.clj:5271)
	at clojure.lang.RestFn.applyTo(RestFn.java:137)
	at clojure.core$apply.invoke(core.clj:602)
	at clojure.core$require.doInvoke(core.clj:5352)
	at clojure.lang.RestFn.invoke(RestFn.java:421)
	at bake3363$eval285$loading__4505__auto____286.invoke(NO_SOURCE_FILE:0)
	at bake3363$eval285.invoke(NO_SOURCE_FILE)
	at clojure.lang.Compiler.eval(Compiler.java:6465)
	at clojure.lang.Compiler.eval(Compiler.java:6455)
	at clojure.lang.Compiler.eval(Compiler.java:6454)
	at clojure.lang.Compiler.eval(Compiler.java:6431)
	at clojure.core$eval.invoke(core.clj:2795)
	at clojure.core$eval277$fn__278$fn__279.invoke(NO_SOURCE_FILE)
	at clojure.core$eval277$fn__278.invoke(NO_SOURCE_FILE:0)
	at sun.reflect.NativeMethodAccessorImpl.invoke0(Native Method)
	at sun.reflect.NativeMethodAccessorImpl.invoke(NativeMethodAccessorImpl.java:57)
	at sun.reflect.DelegatingMethodAccessorImpl.invoke(DelegatingMethodAccessorImpl.java:43)
	at java.lang.reflect.Method.invoke(Method.java:616)
	at clojure.lang.Reflector.invokeMatchingMethod(Reflector.java:90)
	at clojure.lang.Reflector.invokeInstanceMethod(Reflector.java:28)
	at classlojure$eval_in$fn__1114.invoke(classlojure.clj:59)
	at classlojure$eval_in.doInvoke(classlojure.clj:52)
	at clojure.lang.RestFn.applyTo(RestFn.java:143)
	at clojure.core$apply.doInvoke(core.clj:548)
	at clojure.lang.RestFn.invoke(RestFn.java:534)
	at cake.project$project_eval.invoke(project.clj:114)
	at cake.tasks.swank$serve_swank$fn__1269.invoke(swank.clj:12)
	at swank.util.net.sockets$start_server_socket_BANG_$fn__1833$fn__1834.invoke(sockets.clj:42)
	at clojure.lang.AFn.applyToHelper(AFn.java:159)
	at clojure.lang.AFn.applyTo(AFn.java:151)
	at clojure.core$apply.invoke(core.clj:540)
	at swank.util.net.sockets$start_server_socket_BANG_$fn__1833.doInvoke(sockets.clj:38)
	at clojure.lang.RestFn.invoke(RestFn.java:398)
	at clojure.lang.AFn.run(AFn.java:24)
	... 1 more
Caused by: java.lang.ClassCastException: java.lang.String cannot be cast to java.io.File
	at swank.util.class_browse$eval1363$fn__1364.invoke(class_browse.clj:62)
	at clojure.lang.MultiFn.invoke(MultiFn.java:167)
	at swank.util.class_browse$scan_paths$iter__1414__1418$fn__1419.invoke(class_browse.clj:124)
	at clojure.lang.LazySeq.sval(LazySeq.java:42)
	at clojure.lang.LazySeq.seq(LazySeq.java:60)
	at clojure.lang.ChunkedCons.chunkedNext(ChunkedCons.java:59)
	at clojure.core$chunk_next.invoke(core.clj:643)
	at clojure.core.protocols$fn__5565.invoke(protocols.clj:28)
	at clojure.core.protocols$fn__5543$G__5538__5552.invoke(protocols.clj:11)
	at clojure.core$reduce.invoke(core.clj:5995)
	at clojure.core$reduce.invoke(core.clj:5991)
	at swank.util.class_browse$scan_paths.invoke(class_browse.clj:124)
	at swank.util.class_browse$scan_paths$fn__1427.invoke(class_browse.clj:127)
	at clojure.lang.ArrayChunk.reduce(ArrayChunk.java:60)
	at clojure.core.protocols$fn__5565.invoke(protocols.clj:30)
	at clojure.core.protocols$fn__5543$G__5538__5552.invoke(protocols.clj:11)
	at clojure.core$reduce.invoke(core.clj:5995)
	at swank.util.class_browse$scan_paths.doInvoke(class_browse.clj:127)
	at clojure.lang.RestFn.applyTo(RestFn.java:139)
	at clojure.lang.Compiler$InvokeExpr.eval(Compiler.java:3337)
	... 92 more
{:server-socket #<ServerSocket ServerSocket[addr=localhost/127.0.0.1,port=0,localport=56687]>, :connections #<Ref@ec849e: #{}>}
exception in read loop
java.lang.Exception: Error reading swank message
	at sun.reflect.NativeConstructorAccessorImpl.newInstance0(Native Method)
	at sun.reflect.NativeConstructorAccessorImpl.newInstance(NativeConstructorAccessorImpl.java:57)
	at sun.reflect.DelegatingConstructorAccessorImpl.newInstance(DelegatingConstructorAccessorImpl.java:45)
	at java.lang.reflect.Constructor.newInstance(Constructor.java:532)
	at clojure.lang.Compiler$NewExpr.eval(Compiler.java:2373)
	at clojure.lang.Compiler$DefExpr.eval(Compiler.java:375)
	at clojure.lang.Compiler.eval(Compiler.java:6470)
	at clojure.lang.Compiler.load(Compiler.java:6902)
	at clojure.lang.RT.loadResourceScript(RT.java:357)
	at clojure.lang.RT.loadResourceScript(RT.java:348)
	at clojure.lang.RT.load(RT.java:427)
	at clojure.lang.RT.load(RT.java:398)
	at clojure.core$load$fn__4610.invoke(core.clj:5386)
	at clojure.core$load.doInvoke(core.clj:5385)
	at clojure.lang.RestFn.invoke(RestFn.java:408)
	at clojure.core$load_one.invoke(core.clj:5200)
	at clojure.core$load_lib.doInvoke(core.clj:5237)
	at clojure.lang.RestFn.applyTo(RestFn.java:142)
	at clojure.core$apply.invoke(core.clj:602)
	at clojure.core$load_libs.doInvoke(core.clj:5275)
	at clojure.lang.RestFn.applyTo(RestFn.java:137)
	at clojure.core$apply.invoke(core.clj:604)
	at clojure.core$use.doInvoke(core.clj:5363)
	at clojure.lang.RestFn.invoke(RestFn.java:436)
	at swank.core.connection$eval425$loading__4505__auto____426.invoke(connection.clj:1)
	at swank.core.connection$eval425.invoke(connection.clj:1)
	at clojure.lang.Compiler.eval(Compiler.java:6465)
	at clojure.lang.Compiler.eval(Compiler.java:6455)
	at clojure.lang.Compiler.load(Compiler.java:6902)
	at clojure.lang.RT.loadResourceScript(RT.java:357)
	at clojure.lang.RT.loadResourceScript(RT.java:348)
	at clojure.lang.RT.load(RT.java:427)
	at clojure.lang.RT.load(RT.java:398)
	at clojure.core$load$fn__4610.invoke(core.clj:5386)
	at clojure.core$load.doInvoke(core.clj:5385)
	at clojure.lang.RestFn.invoke(RestFn.java:408)
	at clojure.core$load_one.invoke(core.clj:5200)
	at clojure.core$load_lib.doInvoke(core.clj:5237)
	at clojure.lang.RestFn.applyTo(RestFn.java:142)
	at clojure.core$apply.invoke(core.clj:602)
	at clojure.core$load_libs.doInvoke(core.clj:5275)
	at clojure.lang.RestFn.applyTo(RestFn.java:137)
	at clojure.core$apply.invoke(core.clj:604)
	at clojure.core$use.doInvoke(core.clj:5363)
	at clojure.lang.RestFn.invoke(RestFn.java:457)
	at swank.core$eval297$loading__4505__auto____298.invoke(core.clj:1)
	at swank.core$eval297.invoke(core.clj:1)
	at clojure.lang.Compiler.eval(Compiler.java:6465)
	at clojure.lang.Compiler.eval(Compiler.java:6455)
	at clojure.lang.Compiler.load(Compiler.java:6902)
	at clojure.lang.RT.loadResourceScript(RT.java:357)
	at clojure.lang.RT.loadResourceScript(RT.java:348)
	at clojure.lang.RT.load(RT.java:427)
	at clojure.lang.RT.load(RT.java:398)
	at clojure.core$load$fn__4610.invoke(core.clj:5386)
	at clojure.core$load.doInvoke(core.clj:5385)
	at clojure.lang.RestFn.invoke(RestFn.java:408)
	at clojure.core$load_one.invoke(core.clj:5200)
	at clojure.core$load_lib.doInvoke(core.clj:5237)
	at clojure.lang.RestFn.applyTo(RestFn.java:142)
	at clojure.core$apply.invoke(core.clj:602)
	at clojure.core$load_libs.doInvoke(core.clj:5271)
	at clojure.lang.RestFn.applyTo(RestFn.java:137)
	at clojure.core$apply.invoke(core.clj:604)
	at clojure.core$use.doInvoke(core.clj:5363)
	at clojure.lang.RestFn.invoke(RestFn.java:512)
	at swank.swank$eval291$loading__4505__auto____292.invoke(swank.clj:11)
	at swank.swank$eval291.invoke(swank.clj:11)
	at clojure.lang.Compiler.eval(Compiler.java:6465)
	at clojure.lang.Compiler.eval(Compiler.java:6455)
	at clojure.lang.Compiler.load(Compiler.java:6902)
	at clojure.lang.RT.loadResourceScript(RT.java:357)
	at clojure.lang.RT.loadResourceScript(RT.java:348)
	at clojure.lang.RT.load(RT.java:427)
	at clojure.lang.RT.load(RT.java:398)
	at clojure.core$load$fn__4610.invoke(core.clj:5386)
	at clojure.core$load.doInvoke(core.clj:5385)
	at clojure.lang.RestFn.invoke(RestFn.java:408)
	at clojure.core$load_one.invoke(core.clj:5200)
	at clojure.core$load_lib.doInvoke(core.clj:5237)
	at clojure.lang.RestFn.applyTo(RestFn.java:142)
	at clojure.core$apply.invoke(core.clj:602)
	at clojure.core$load_libs.doInvoke(core.clj:5271)
	at clojure.lang.RestFn.applyTo(RestFn.java:137)
	at clojure.core$apply.invoke(core.clj:602)
	at clojure.core$require.doInvoke(core.clj:5352)
	at clojure.lang.RestFn.invoke(RestFn.java:421)
	at bake3353$eval285$loading__4505__auto____286.invoke(NO_SOURCE_FILE:0)
	at bake3353$eval285.invoke(NO_SOURCE_FILE)
	at clojure.lang.Compiler.eval(Compiler.java:6465)
	at clojure.lang.Compiler.eval(Compiler.java:6455)
	at clojure.lang.Compiler.eval(Compiler.java:6454)
	at clojure.lang.Compiler.eval(Compiler.java:6431)
	at clojure.core$eval.invoke(core.clj:2795)
	at clojure.core$eval277$fn__278$fn__279.invoke(NO_SOURCE_FILE)
	at clojure.core$eval277$fn__278.invoke(NO_SOURCE_FILE:0)
	at sun.reflect.NativeMethodAccessorImpl.invoke0(Native Method)
	at sun.reflect.NativeMethodAccessorImpl.invoke(NativeMethodAccessorImpl.java:57)
	at sun.reflect.DelegatingMethodAccessorImpl.invoke(DelegatingMethodAccessorImpl.java:43)
	at java.lang.reflect.Method.invoke(Method.java:616)
	at clojure.lang.Reflector.invokeMatchingMethod(Reflector.java:90)
	at clojure.lang.Reflector.invokeInstanceMethod(Reflector.java:28)
	at classlojure$eval_in$fn__1114.invoke(classlojure.clj:59)
	at classlojure$eval_in.doInvoke(classlojure.clj:52)
	at clojure.lang.RestFn.applyTo(RestFn.java:143)
	at clojure.core$apply.doInvoke(core.clj:548)
	at clojure.lang.RestFn.invoke(RestFn.java:534)
	at cake.project$project_eval.invoke(project.clj:114)
	at cake.tasks.swank$serve_swank$fn__1269.invoke(swank.clj:12)
	at swank.util.net.sockets$start_server_socket_BANG_$fn__1833$fn__1834.invoke(sockets.clj:42)
	at clojure.lang.AFn.applyToHelper(AFn.java:159)
	at clojure.lang.AFn.applyTo(AFn.java:151)
	at clojure.core$apply.invoke(core.clj:540)
	at swank.util.net.sockets$start_server_socket_BANG_$fn__1833.doInvoke(sockets.clj:38)
	at clojure.lang.RestFn.invoke(RestFn.java:398)
	at clojure.lang.AFn.run(AFn.java:24)
	at java.lang.Thread.run(Thread.java:679)
Downloading: overtone/overtone/0.1.4/overtone-0.1.4.pom from repository clojure at http://build.clojure.org/releases
Unable to locate resource in repository
[INFO] Unable to find resource 'overtone:overtone:pom:0.1.4' in repository clojure (http://build.clojure.org/releases)
Downloading: overtone/overtone/0.1.4/overtone-0.1.4.pom from repository clojure-snapshots at http://build.clojure.org/snapshots
Unable to locate resource in repository
[INFO] Unable to find resource 'overtone:overtone:pom:0.1.4' in repository clojure-snapshots (http://build.clojure.org/snapshots)
Downloading: overtone/overtone/0.1.4/overtone-0.1.4.pom from repository clojars at http://clojars.org/repo
Transferring 1K from clojars
[INFO] snapshot overtone:osc-clj:0.3.0-SNAPSHOT: checking for updates from clojure
[INFO] snapshot overtone:osc-clj:0.3.0-SNAPSHOT: checking for updates from clojure-snapshots
[INFO] snapshot overtone:osc-clj:0.3.0-SNAPSHOT: checking for updates from clojars
[INFO] snapshot overtone:osc-clj:0.3.0-SNAPSHOT: checking for updates from maven
Downloading: overtone/osc-clj/0.3.0-SNAPSHOT/osc-clj-0.3.0-20101217.045604-1.pom from repository clojars at http://clojars.org/repo
Transferring 2K from clojars
[INFO] snapshot overtone:byte-spec:0.2.0-SNAPSHOT: checking for updates from clojure
[INFO] snapshot overtone:byte-spec:0.2.0-SNAPSHOT: checking for updates from clojure-snapshots
[INFO] snapshot overtone:byte-spec:0.2.0-SNAPSHOT: checking for updates from clojars
[INFO] snapshot overtone:byte-spec:0.2.0-SNAPSHOT: checking for updates from maven
Downloading: overtone/byte-spec/0.2.0-SNAPSHOT/byte-spec-0.2.0-20100821.141701-1.pom from repository clojars at http://clojars.org/repo
Transferring 2K from clojars
[INFO] snapshot overtone:midi-clj:0.2.0-SNAPSHOT: checking for updates from clojure
[INFO] snapshot overtone:midi-clj:0.2.0-SNAPSHOT: checking for updates from clojure-snapshots
[INFO] snapshot overtone:midi-clj:0.2.0-SNAPSHOT: checking for updates from clojars
[INFO] snapshot overtone:midi-clj:0.2.0-SNAPSHOT: checking for updates from maven
Downloading: overtone/midi-clj/0.2.0-SNAPSHOT/midi-clj-0.2.0-20100821.141701-1.pom from repository clojars at http://clojars.org/repo
Transferring 2K from clojars
Downloading: org/clojars/overtone/vijual/0.2.1/vijual-0.2.1.pom from repository clojure at http://build.clojure.org/releases
Unable to locate resource in repository
[INFO] Unable to find resource 'org.clojars.overtone:vijual:pom:0.2.1' in repository clojure (http://build.clojure.org/releases)
Downloading: org/clojars/overtone/vijual/0.2.1/vijual-0.2.1.pom from repository clojure-snapshots at http://build.clojure.org/snapshots
Unable to locate resource in repository
[INFO] Unable to find resource 'org.clojars.overtone:vijual:pom:0.2.1' in repository clojure-snapshots (http://build.clojure.org/snapshots)
Downloading: org/clojars/overtone/vijual/0.2.1/vijual-0.2.1.pom from repository clojars at http://clojars.org/repo
Transferring 2K from clojars
Downloading: overtone/overtone/0.1.4/overtone-0.1.4.jar from repository clojure at http://build.clojure.org/releases
Downloading: org/clojars/overtone/vijual/0.2.1/vijual-0.2.1.jar from repository clojure at http://build.clojure.org/releases
Unable to locate resource in repository
[INFO] Unable to find resource 'overtone:overtone:jar:0.1.4' in repository clojure (http://build.clojure.org/releases)
Downloading: overtone/overtone/0.1.4/overtone-0.1.4.jar from repository clojure-snapshots at http://build.clojure.org/snapshots
Unable to locate resource in repository
[INFO] Unable to find resource 'org.clojars.overtone:vijual:jar:0.2.1' in repository clojure (http://build.clojure.org/releases)
Downloading: org/clojars/overtone/vijual/0.2.1/vijual-0.2.1.jar from repository clojure-snapshots at http://build.clojure.org/snapshots
Unable to locate resource in repository
[INFO] Unable to find resource 'overtone:overtone:jar:0.1.4' in repository clojure-snapshots (http://build.clojure.org/snapshots)
Downloading: overtone/overtone/0.1.4/overtone-0.1.4.jar from repository clojars at http://clojars.org/repo
Unable to locate resource in repository
[INFO] Unable to find resource 'org.clojars.overtone:vijual:jar:0.2.1' in repository clojure-snapshots (http://build.clojure.org/snapshots)
Downloading: org/clojars/overtone/vijual/0.2.1/vijual-0.2.1.jar from repository clojars at http://clojars.org/repo
Transferring 119K from clojars
Transferring 17K from clojars
Downloading: overtone/osc-clj/0.3.0-SNAPSHOT/osc-clj-0.3.0-20101217.045604-1.jar from repository clojars at http://clojars.org/repo
Transferring 7K from clojars
Downloading: overtone/byte-spec/0.2.0-SNAPSHOT/byte-spec-0.2.0-20100821.141701-1.jar from repository clojars at http://clojars.org/repo
Transferring 4K from clojars
Downloading: overtone/midi-clj/0.2.0-SNAPSHOT/midi-clj-0.2.0-20100821.141701-1.jar from repository clojars at http://clojars.org/repo
Transferring 5K from clojars
exception in read loop
java.lang.Exception: Error reading swank message
	at sun.reflect.NativeConstructorAccessorImpl.newInstance0(Native Method)
	at sun.reflect.NativeConstructorAccessorImpl.newInstance(NativeConstructorAccessorImpl.java:57)
	at sun.reflect.DelegatingConstructorAccessorImpl.newInstance(DelegatingConstructorAccessorImpl.java:45)
	at java.lang.reflect.Constructor.newInstance(Constructor.java:532)
	at clojure.lang.Compiler$NewExpr.eval(Compiler.java:2373)
	at clojure.lang.Compiler$DefExpr.eval(Compiler.java:375)
	at clojure.lang.Compiler.eval(Compiler.java:6470)
	at clojure.lang.Compiler.load(Compiler.java:6902)
	at clojure.lang.RT.loadResourceScript(RT.java:357)
	at clojure.lang.RT.loadResourceScript(RT.java:348)
	at clojure.lang.RT.load(RT.java:427)
	at clojure.lang.RT.load(RT.java:398)
	at clojure.core$load$fn__4610.invoke(core.clj:5386)
	at clojure.core$load.doInvoke(core.clj:5385)
	at clojure.lang.RestFn.invoke(RestFn.java:408)
	at clojure.core$load_one.invoke(core.clj:5200)
	at clojure.core$load_lib.doInvoke(core.clj:5237)
	at clojure.lang.RestFn.applyTo(RestFn.java:142)
	at clojure.core$apply.invoke(core.clj:602)
	at clojure.core$load_libs.doInvoke(core.clj:5275)
	at clojure.lang.RestFn.applyTo(RestFn.java:137)
	at clojure.core$apply.invoke(core.clj:604)
	at clojure.core$use.doInvoke(core.clj:5363)
	at clojure.lang.RestFn.invoke(RestFn.java:436)
	at swank.core.connection$eval425$loading__4505__auto____426.invoke(connection.clj:1)
	at swank.core.connection$eval425.invoke(connection.clj:1)
	at clojure.lang.Compiler.eval(Compiler.java:6465)
	at clojure.lang.Compiler.eval(Compiler.java:6455)
	at clojure.lang.Compiler.load(Compiler.java:6902)
	at clojure.lang.RT.loadResourceScript(RT.java:357)
	at clojure.lang.RT.loadResourceScript(RT.java:348)
	at clojure.lang.RT.load(RT.java:427)
	at clojure.lang.RT.load(RT.java:398)
	at clojure.core$load$fn__4610.invoke(core.clj:5386)
	at clojure.core$load.doInvoke(core.clj:5385)
	at clojure.lang.RestFn.invoke(RestFn.java:408)
	at clojure.core$load_one.invoke(core.clj:5200)
	at clojure.core$load_lib.doInvoke(core.clj:5237)
	at clojure.lang.RestFn.applyTo(RestFn.java:142)
	at clojure.core$apply.invoke(core.clj:602)
	at clojure.core$load_libs.doInvoke(core.clj:5275)
	at clojure.lang.RestFn.applyTo(RestFn.java:137)
	at clojure.core$apply.invoke(core.clj:604)
	at clojure.core$use.doInvoke(core.clj:5363)
	at clojure.lang.RestFn.invoke(RestFn.java:457)
	at swank.core$eval297$loading__4505__auto____298.invoke(core.clj:1)
	at swank.core$eval297.invoke(core.clj:1)
	at clojure.lang.Compiler.eval(Compiler.java:6465)
	at clojure.lang.Compiler.eval(Compiler.java:6455)
	at clojure.lang.Compiler.load(Compiler.java:6902)
	at clojure.lang.RT.loadResourceScript(RT.java:357)
	at clojure.lang.RT.loadResourceScript(RT.java:348)
	at clojure.lang.RT.load(RT.java:427)
	at clojure.lang.RT.load(RT.java:398)
	at clojure.core$load$fn__4610.invoke(core.clj:5386)
	at clojure.core$load.doInvoke(core.clj:5385)
	at clojure.lang.RestFn.invoke(RestFn.java:408)
	at clojure.core$load_one.invoke(core.clj:5200)
	at clojure.core$load_lib.doInvoke(core.clj:5237)
	at clojure.lang.RestFn.applyTo(RestFn.java:142)
	at clojure.core$apply.invoke(core.clj:602)
	at clojure.core$load_libs.doInvoke(core.clj:5271)
	at clojure.lang.RestFn.applyTo(RestFn.java:137)
	at clojure.core$apply.invoke(core.clj:604)
	at clojure.core$use.doInvoke(core.clj:5363)
	at clojure.lang.RestFn.invoke(RestFn.java:512)
	at swank.swank$eval291$loading__4505__auto____292.invoke(swank.clj:11)
	at swank.swank$eval291.invoke(swank.clj:11)
	at clojure.lang.Compiler.eval(Compiler.java:6465)
	at clojure.lang.Compiler.eval(Compiler.java:6455)
	at clojure.lang.Compiler.load(Compiler.java:6902)
	at clojure.lang.RT.loadResourceScript(RT.java:357)
	at clojure.lang.RT.loadResourceScript(RT.java:348)
	at clojure.lang.RT.load(RT.java:427)
	at clojure.lang.RT.load(RT.java:398)
	at clojure.core$load$fn__4610.invoke(core.clj:5386)
	at clojure.core$load.doInvoke(core.clj:5385)
	at clojure.lang.RestFn.invoke(RestFn.java:408)
	at clojure.core$load_one.invoke(core.clj:5200)
	at clojure.core$load_lib.doInvoke(core.clj:5237)
	at clojure.lang.RestFn.applyTo(RestFn.java:142)
	at clojure.core$apply.invoke(core.clj:602)
	at clojure.core$load_libs.doInvoke(core.clj:5271)
	at clojure.lang.RestFn.applyTo(RestFn.java:137)
	at clojure.core$apply.invoke(core.clj:602)
	at clojure.core$require.doInvoke(core.clj:5352)
	at clojure.lang.RestFn.invoke(RestFn.java:421)
	at bake3363$eval285$loading__4505__auto____286.invoke(NO_SOURCE_FILE:0)
	at bake3363$eval285.invoke(NO_SOURCE_FILE)
	at clojure.lang.Compiler.eval(Compiler.java:6465)
	at clojure.lang.Compiler.eval(Compiler.java:6455)
	at clojure.lang.Compiler.eval(Compiler.java:6454)
	at clojure.lang.Compiler.eval(Compiler.java:6431)
	at clojure.core$eval.invoke(core.clj:2795)
	at clojure.core$eval277$fn__278$fn__279.invoke(NO_SOURCE_FILE)
	at clojure.core$eval277$fn__278.invoke(NO_SOURCE_FILE:0)
	at sun.reflect.NativeMethodAccessorImpl.invoke0(Native Method)
	at sun.reflect.NativeMethodAccessorImpl.invoke(NativeMethodAccessorImpl.java:57)
	at sun.reflect.DelegatingMethodAccessorImpl.invoke(DelegatingMethodAccessorImpl.java:43)
	at java.lang.reflect.Method.invoke(Method.java:616)
	at clojure.lang.Reflector.invokeMatchingMethod(Reflector.java:90)
	at clojure.lang.Reflector.invokeInstanceMethod(Reflector.java:28)
	at classlojure$eval_in$fn__1114.invoke(classlojure.clj:59)
	at classlojure$eval_in.doInvoke(classlojure.clj:52)
	at clojure.lang.RestFn.applyTo(RestFn.java:143)
	at clojure.core$apply.doInvoke(core.clj:548)
	at clojure.lang.RestFn.invoke(RestFn.java:534)
	at cake.project$project_eval.invoke(project.clj:114)
	at cake.tasks.swank$serve_swank$fn__1269.invoke(swank.clj:12)
	at swank.util.net.sockets$start_server_socket_BANG_$fn__1833$fn__1834.invoke(sockets.clj:42)
	at clojure.lang.AFn.applyToHelper(AFn.java:159)
	at clojure.lang.AFn.applyTo(AFn.java:151)
	at clojure.core$apply.invoke(core.clj:540)
	at swank.util.net.sockets$start_server_socket_BANG_$fn__1833.doInvoke(sockets.clj:38)
	at clojure.lang.RestFn.invoke(RestFn.java:398)
	at clojure.lang.AFn.run(AFn.java:24)
	at java.lang.Thread.run(Thread.java:679)
exception in read loop
java.lang.Exception: Error reading swank message
	at sun.reflect.NativeConstructorAccessorImpl.newInstance0(Native Method)
	at sun.reflect.NativeConstructorAccessorImpl.newInstance(NativeConstructorAccessorImpl.java:57)
	at sun.reflect.DelegatingConstructorAccessorImpl.newInstance(DelegatingConstructorAccessorImpl.java:45)
	at java.lang.reflect.Constructor.newInstance(Constructor.java:532)
	at clojure.lang.Compiler$NewExpr.eval(Compiler.java:2373)
	at clojure.lang.Compiler$DefExpr.eval(Compiler.java:375)
	at clojure.lang.Compiler.eval(Compiler.java:6470)
	at clojure.lang.Compiler.load(Compiler.java:6902)
	at clojure.lang.RT.loadResourceScript(RT.java:357)
	at clojure.lang.RT.loadResourceScript(RT.java:348)
	at clojure.lang.RT.load(RT.java:427)
	at clojure.lang.RT.load(RT.java:398)
	at clojure.core$load$fn__4610.invoke(core.clj:5386)
	at clojure.core$load.doInvoke(core.clj:5385)
	at clojure.lang.RestFn.invoke(RestFn.java:408)
	at clojure.core$load_one.invoke(core.clj:5200)
	at clojure.core$load_lib.doInvoke(core.clj:5237)
	at clojure.lang.RestFn.applyTo(RestFn.java:142)
	at clojure.core$apply.invoke(core.clj:602)
	at clojure.core$load_libs.doInvoke(core.clj:5275)
	at clojure.lang.RestFn.applyTo(RestFn.java:137)
	at clojure.core$apply.invoke(core.clj:604)
	at clojure.core$use.doInvoke(core.clj:5363)
	at clojure.lang.RestFn.invoke(RestFn.java:436)
	at swank.core.connection$eval425$loading__4505__auto____426.invoke(connection.clj:1)
	at swank.core.connection$eval425.invoke(connection.clj:1)
	at clojure.lang.Compiler.eval(Compiler.java:6465)
	at clojure.lang.Compiler.eval(Compiler.java:6455)
	at clojure.lang.Compiler.load(Compiler.java:6902)
	at clojure.lang.RT.loadResourceScript(RT.java:357)
	at clojure.lang.RT.loadResourceScript(RT.java:348)
	at clojure.lang.RT.load(RT.java:427)
	at clojure.lang.RT.load(RT.java:398)
	at clojure.core$load$fn__4610.invoke(core.clj:5386)
	at clojure.core$load.doInvoke(core.clj:5385)
	at clojure.lang.RestFn.invoke(RestFn.java:408)
	at clojure.core$load_one.invoke(core.clj:5200)
	at clojure.core$load_lib.doInvoke(core.clj:5237)
	at clojure.lang.RestFn.applyTo(RestFn.java:142)
	at clojure.core$apply.invoke(core.clj:602)
	at clojure.core$load_libs.doInvoke(core.clj:5275)
	at clojure.lang.RestFn.applyTo(RestFn.java:137)
	at clojure.core$apply.invoke(core.clj:604)
	at clojure.core$use.doInvoke(core.clj:5363)
	at clojure.lang.RestFn.invoke(RestFn.java:457)
	at swank.core$eval297$loading__4505__auto____298.invoke(core.clj:1)
	at swank.core$eval297.invoke(core.clj:1)
	at clojure.lang.Compiler.eval(Compiler.java:6465)
	at clojure.lang.Compiler.eval(Compiler.java:6455)
	at clojure.lang.Compiler.load(Compiler.java:6902)
	at clojure.lang.RT.loadResourceScript(RT.java:357)
	at clojure.lang.RT.loadResourceScript(RT.java:348)
	at clojure.lang.RT.load(RT.java:427)
	at clojure.lang.RT.load(RT.java:398)
	at clojure.core$load$fn__4610.invoke(core.clj:5386)
	at clojure.core$load.doInvoke(core.clj:5385)
	at clojure.lang.RestFn.invoke(RestFn.java:408)
	at clojure.core$load_one.invoke(core.clj:5200)
	at clojure.core$load_lib.doInvoke(core.clj:5237)
	at clojure.lang.RestFn.applyTo(RestFn.java:142)
	at clojure.core$apply.invoke(core.clj:602)
	at clojure.core$load_libs.doInvoke(core.clj:5271)
	at clojure.lang.RestFn.applyTo(RestFn.java:137)
	at clojure.core$apply.invoke(core.clj:604)
	at clojure.core$use.doInvoke(core.clj:5363)
	at clojure.lang.RestFn.invoke(RestFn.java:512)
	at swank.swank$eval291$loading__4505__auto____292.invoke(swank.clj:11)
	at swank.swank$eval291.invoke(swank.clj:11)
	at clojure.lang.Compiler.eval(Compiler.java:6465)
	at clojure.lang.Compiler.eval(Compiler.java:6455)
	at clojure.lang.Compiler.load(Compiler.java:6902)
	at clojure.lang.RT.loadResourceScript(RT.java:357)
	at clojure.lang.RT.loadResourceScript(RT.java:348)
	at clojure.lang.RT.load(RT.java:427)
	at clojure.lang.RT.load(RT.java:398)
	at clojure.core$load$fn__4610.invoke(core.clj:5386)
	at clojure.core$load.doInvoke(core.clj:5385)
	at clojure.lang.RestFn.invoke(RestFn.java:408)
	at clojure.core$load_one.invoke(core.clj:5200)
	at clojure.core$load_lib.doInvoke(core.clj:5237)
	at clojure.lang.RestFn.applyTo(RestFn.java:142)
	at clojure.core$apply.invoke(core.clj:602)
	at clojure.core$load_libs.doInvoke(core.clj:5271)
	at clojure.lang.RestFn.applyTo(RestFn.java:137)
	at clojure.core$apply.invoke(core.clj:602)
	at clojure.core$require.doInvoke(core.clj:5352)
	at clojure.lang.RestFn.invoke(RestFn.java:421)
	at bake3363$eval285$loading__4505__auto____286.invoke(NO_SOURCE_FILE:0)
	at bake3363$eval285.invoke(NO_SOURCE_FILE)
	at clojure.lang.Compiler.eval(Compiler.java:6465)
	at clojure.lang.Compiler.eval(Compiler.java:6455)
	at clojure.lang.Compiler.eval(Compiler.java:6454)
	at clojure.lang.Compiler.eval(Compiler.java:6431)
	at clojure.core$eval.invoke(core.clj:2795)
	at clojure.core$eval277$fn__278$fn__279.invoke(NO_SOURCE_FILE)
	at clojure.core$eval277$fn__278.invoke(NO_SOURCE_FILE:0)
	at sun.reflect.NativeMethodAccessorImpl.invoke0(Native Method)
	at sun.reflect.NativeMethodAccessorImpl.invoke(NativeMethodAccessorImpl.java:57)
	at sun.reflect.DelegatingMethodAccessorImpl.invoke(DelegatingMethodAccessorImpl.java:43)
	at java.lang.reflect.Method.invoke(Method.java:616)
	at clojure.lang.Reflector.invokeMatchingMethod(Reflector.java:90)
	at clojure.lang.Reflector.invokeInstanceMethod(Reflector.java:28)
	at classlojure$eval_in$fn__1114.invoke(classlojure.clj:59)
	at classlojure$eval_in.doInvoke(classlojure.clj:52)
	at clojure.lang.RestFn.applyTo(RestFn.java:143)
	at clojure.core$apply.doInvoke(core.clj:548)
	at clojure.lang.RestFn.invoke(RestFn.java:534)
	at cake.project$project_eval.invoke(project.clj:114)
	at cake.tasks.swank$serve_swank$fn__1269.invoke(swank.clj:12)
	at swank.util.net.sockets$start_server_socket_BANG_$fn__1833$fn__1834.invoke(sockets.clj:42)
	at clojure.lang.AFn.applyToHelper(AFn.java:159)
	at clojure.lang.AFn.applyTo(AFn.java:151)
	at clojure.core$apply.invoke(core.clj:540)
	at swank.util.net.sockets$start_server_socket_BANG_$fn__1833.doInvoke(sockets.clj:38)
	at clojure.lang.RestFn.invoke(RestFn.java:398)
	at clojure.lang.AFn.run(AFn.java:24)
	at java.lang.Thread.run(Thread.java:679)
exception in read loop
java.lang.Exception: Error reading swank message
	at sun.reflect.NativeConstructorAccessorImpl.newInstance0(Native Method)
	at sun.reflect.NativeConstructorAccessorImpl.newInstance(NativeConstructorAccessorImpl.java:57)
	at sun.reflect.DelegatingConstructorAccessorImpl.newInstance(DelegatingConstructorAccessorImpl.java:45)
	at java.lang.reflect.Constructor.newInstance(Constructor.java:532)
	at clojure.lang.Compiler$NewExpr.eval(Compiler.java:2373)
	at clojure.lang.Compiler$DefExpr.eval(Compiler.java:375)
	at clojure.lang.Compiler.eval(Compiler.java:6470)
	at clojure.lang.Compiler.load(Compiler.java:6902)
	at clojure.lang.RT.loadResourceScript(RT.java:357)
	at clojure.lang.RT.loadResourceScript(RT.java:348)
	at clojure.lang.RT.load(RT.java:427)
	at clojure.lang.RT.load(RT.java:398)
	at clojure.core$load$fn__4610.invoke(core.clj:5386)
	at clojure.core$load.doInvoke(core.clj:5385)
	at clojure.lang.RestFn.invoke(RestFn.java:408)
	at clojure.core$load_one.invoke(core.clj:5200)
	at clojure.core$load_lib.doInvoke(core.clj:5237)
	at clojure.lang.RestFn.applyTo(RestFn.java:142)
	at clojure.core$apply.invoke(core.clj:602)
	at clojure.core$load_libs.doInvoke(core.clj:5275)
	at clojure.lang.RestFn.applyTo(RestFn.java:137)
	at clojure.core$apply.invoke(core.clj:604)
	at clojure.core$use.doInvoke(core.clj:5363)
	at clojure.lang.RestFn.invoke(RestFn.java:436)
	at swank.core.connection$eval425$loading__4505__auto____426.invoke(connection.clj:1)
	at swank.core.connection$eval425.invoke(connection.clj:1)
	at clojure.lang.Compiler.eval(Compiler.java:6465)
	at clojure.lang.Compiler.eval(Compiler.java:6455)
	at clojure.lang.Compiler.load(Compiler.java:6902)
	at clojure.lang.RT.loadResourceScript(RT.java:357)
	at clojure.lang.RT.loadResourceScript(RT.java:348)
	at clojure.lang.RT.load(RT.java:427)
	at clojure.lang.RT.load(RT.java:398)
	at clojure.core$load$fn__4610.invoke(core.clj:5386)
	at clojure.core$load.doInvoke(core.clj:5385)
	at clojure.lang.RestFn.invoke(RestFn.java:408)
	at clojure.core$load_one.invoke(core.clj:5200)
	at clojure.core$load_lib.doInvoke(core.clj:5237)
	at clojure.lang.RestFn.applyTo(RestFn.java:142)
	at clojure.core$apply.invoke(core.clj:602)
	at clojure.core$load_libs.doInvoke(core.clj:5275)
	at clojure.lang.RestFn.applyTo(RestFn.java:137)
	at clojure.core$apply.invoke(core.clj:604)
	at clojure.core$use.doInvoke(core.clj:5363)
	at clojure.lang.RestFn.invoke(RestFn.java:457)
	at swank.core$eval297$loading__4505__auto____298.invoke(core.clj:1)
	at swank.core$eval297.invoke(core.clj:1)
	at clojure.lang.Compiler.eval(Compiler.java:6465)
	at clojure.lang.Compiler.eval(Compiler.java:6455)
	at clojure.lang.Compiler.load(Compiler.java:6902)
	at clojure.lang.RT.loadResourceScript(RT.java:357)
	at clojure.lang.RT.loadResourceScript(RT.java:348)
	at clojure.lang.RT.load(RT.java:427)
	at clojure.lang.RT.load(RT.java:398)
	at clojure.core$load$fn__4610.invoke(core.clj:5386)
	at clojure.core$load.doInvoke(core.clj:5385)
	at clojure.lang.RestFn.invoke(RestFn.java:408)
	at clojure.core$load_one.invoke(core.clj:5200)
	at clojure.core$load_lib.doInvoke(core.clj:5237)
	at clojure.lang.RestFn.applyTo(RestFn.java:142)
	at clojure.core$apply.invoke(core.clj:602)
	at clojure.core$load_libs.doInvoke(core.clj:5271)
	at clojure.lang.RestFn.applyTo(RestFn.java:137)
	at clojure.core$apply.invoke(core.clj:604)
	at clojure.core$use.doInvoke(core.clj:5363)
	at clojure.lang.RestFn.invoke(RestFn.java:512)
	at swank.swank$eval291$loading__4505__auto____292.invoke(swank.clj:11)
	at swank.swank$eval291.invoke(swank.clj:11)
	at clojure.lang.Compiler.eval(Compiler.java:6465)
	at clojure.lang.Compiler.eval(Compiler.java:6455)
	at clojure.lang.Compiler.load(Compiler.java:6902)
	at clojure.lang.RT.loadResourceScript(RT.java:357)
	at clojure.lang.RT.loadResourceScript(RT.java:348)
	at clojure.lang.RT.load(RT.java:427)
	at clojure.lang.RT.load(RT.java:398)
	at clojure.core$load$fn__4610.invoke(core.clj:5386)
	at clojure.core$load.doInvoke(core.clj:5385)
	at clojure.lang.RestFn.invoke(RestFn.java:408)
	at clojure.core$load_one.invoke(core.clj:5200)
	at clojure.core$load_lib.doInvoke(core.clj:5237)
	at clojure.lang.RestFn.applyTo(RestFn.java:142)
	at clojure.core$apply.invoke(core.clj:602)
	at clojure.core$load_libs.doInvoke(core.clj:5271)
	at clojure.lang.RestFn.applyTo(RestFn.java:137)
	at clojure.core$apply.invoke(core.clj:602)
	at clojure.core$require.doInvoke(core.clj:5352)
	at clojure.lang.RestFn.invoke(RestFn.java:421)
	at bake3363$eval285$loading__4505__auto____286.invoke(NO_SOURCE_FILE:0)
	at bake3363$eval285.invoke(NO_SOURCE_FILE)
	at clojure.lang.Compiler.eval(Compiler.java:6465)
	at clojure.lang.Compiler.eval(Compiler.java:6455)
	at clojure.lang.Compiler.eval(Compiler.java:6454)
	at clojure.lang.Compiler.eval(Compiler.java:6431)
	at clojure.core$eval.invoke(core.clj:2795)
	at clojure.core$eval277$fn__278$fn__279.invoke(NO_SOURCE_FILE)
	at clojure.core$eval277$fn__278.invoke(NO_SOURCE_FILE:0)
	at sun.reflect.NativeMethodAccessorImpl.invoke0(Native Method)
	at sun.reflect.NativeMethodAccessorImpl.invoke(NativeMethodAccessorImpl.java:57)
	at sun.reflect.DelegatingMethodAccessorImpl.invoke(DelegatingMethodAccessorImpl.java:43)
	at java.lang.reflect.Method.invoke(Method.java:616)
	at clojure.lang.Reflector.invokeMatchingMethod(Reflector.java:90)
	at clojure.lang.Reflector.invokeInstanceMethod(Reflector.java:28)
	at classlojure$eval_in$fn__1114.invoke(classlojure.clj:59)
	at classlojure$eval_in.doInvoke(classlojure.clj:52)
	at clojure.lang.RestFn.applyTo(RestFn.java:143)
	at clojure.core$apply.doInvoke(core.clj:548)
	at clojure.lang.RestFn.invoke(RestFn.java:534)
	at cake.project$project_eval.invoke(project.clj:114)
	at cake.tasks.swank$serve_swank$fn__1269.invoke(swank.clj:12)
	at swank.util.net.sockets$start_server_socket_BANG_$fn__1833$fn__1834.invoke(sockets.clj:42)
	at clojure.lang.AFn.applyToHelper(AFn.java:159)
	at clojure.lang.AFn.applyTo(AFn.java:151)
	at clojure.core$apply.invoke(core.clj:540)
	at swank.util.net.sockets$start_server_socket_BANG_$fn__1833.doInvoke(sockets.clj:38)
	at clojure.lang.RestFn.invoke(RestFn.java:398)
	at clojure.lang.AFn.run(AFn.java:24)
	at java.lang.Thread.run(Thread.java:679)
exception in read loop
java.lang.Exception: Error reading swank message
	at sun.reflect.NativeConstructorAccessorImpl.newInstance0(Native Method)
	at sun.reflect.NativeConstructorAccessorImpl.newInstance(NativeConstructorAccessorImpl.java:57)
	at sun.reflect.DelegatingConstructorAccessorImpl.newInstance(DelegatingConstructorAccessorImpl.java:45)
	at java.lang.reflect.Constructor.newInstance(Constructor.java:532)
	at clojure.lang.Compiler$NewExpr.eval(Compiler.java:2373)
	at clojure.lang.Compiler$DefExpr.eval(Compiler.java:375)
	at clojure.lang.Compiler.eval(Compiler.java:6470)
	at clojure.lang.Compiler.load(Compiler.java:6902)
	at clojure.lang.RT.loadResourceScript(RT.java:357)
	at clojure.lang.RT.loadResourceScript(RT.java:348)
	at clojure.lang.RT.load(RT.java:427)
	at clojure.lang.RT.load(RT.java:398)
	at clojure.core$load$fn__4610.invoke(core.clj:5386)
	at clojure.core$load.doInvoke(core.clj:5385)
	at clojure.lang.RestFn.invoke(RestFn.java:408)
	at clojure.core$load_one.invoke(core.clj:5200)
	at clojure.core$load_lib.doInvoke(core.clj:5237)
	at clojure.lang.RestFn.applyTo(RestFn.java:142)
	at clojure.core$apply.invoke(core.clj:602)
	at clojure.core$load_libs.doInvoke(core.clj:5275)
	at clojure.lang.RestFn.applyTo(RestFn.java:137)
	at clojure.core$apply.invoke(core.clj:604)
	at clojure.core$use.doInvoke(core.clj:5363)
	at clojure.lang.RestFn.invoke(RestFn.java:436)
	at swank.core.connection$eval425$loading__4505__auto____426.invoke(connection.clj:1)
	at swank.core.connection$eval425.invoke(connection.clj:1)
	at clojure.lang.Compiler.eval(Compiler.java:6465)
	at clojure.lang.Compiler.eval(Compiler.java:6455)
	at clojure.lang.Compiler.load(Compiler.java:6902)
	at clojure.lang.RT.loadResourceScript(RT.java:357)
	at clojure.lang.RT.loadResourceScript(RT.java:348)
	at clojure.lang.RT.load(RT.java:427)
	at clojure.lang.RT.load(RT.java:398)
	at clojure.core$load$fn__4610.invoke(core.clj:5386)
	at clojure.core$load.doInvoke(core.clj:5385)
	at clojure.lang.RestFn.invoke(RestFn.java:408)
	at clojure.core$load_one.invoke(core.clj:5200)
	at clojure.core$load_lib.doInvoke(core.clj:5237)
	at clojure.lang.RestFn.applyTo(RestFn.java:142)
	at clojure.core$apply.invoke(core.clj:602)
	at clojure.core$load_libs.doInvoke(core.clj:5275)
	at clojure.lang.RestFn.applyTo(RestFn.java:137)
	at clojure.core$apply.invoke(core.clj:604)
	at clojure.core$use.doInvoke(core.clj:5363)
	at clojure.lang.RestFn.invoke(RestFn.java:457)
	at swank.core$eval297$loading__4505__auto____298.invoke(core.clj:1)
	at swank.core$eval297.invoke(core.clj:1)
	at clojure.lang.Compiler.eval(Compiler.java:6465)
	at clojure.lang.Compiler.eval(Compiler.java:6455)
	at clojure.lang.Compiler.load(Compiler.java:6902)
	at clojure.lang.RT.loadResourceScript(RT.java:357)
	at clojure.lang.RT.loadResourceScript(RT.java:348)
	at clojure.lang.RT.load(RT.java:427)
	at clojure.lang.RT.load(RT.java:398)
	at clojure.core$load$fn__4610.invoke(core.clj:5386)
	at clojure.core$load.doInvoke(core.clj:5385)
	at clojure.lang.RestFn.invoke(RestFn.java:408)
	at clojure.core$load_one.invoke(core.clj:5200)
	at clojure.core$load_lib.doInvoke(core.clj:5237)
	at clojure.lang.RestFn.applyTo(RestFn.java:142)
	at clojure.core$apply.invoke(core.clj:602)
	at clojure.core$load_libs.doInvoke(core.clj:5271)
	at clojure.lang.RestFn.applyTo(RestFn.java:137)
	at clojure.core$apply.invoke(core.clj:604)
	at clojure.core$use.doInvoke(core.clj:5363)
	at clojure.lang.RestFn.invoke(RestFn.java:512)
	at swank.swank$eval291$loading__4505__auto____292.invoke(swank.clj:11)
	at swank.swank$eval291.invoke(swank.clj:11)
	at clojure.lang.Compiler.eval(Compiler.java:6465)
	at clojure.lang.Compiler.eval(Compiler.java:6455)
	at clojure.lang.Compiler.load(Compiler.java:6902)
	at clojure.lang.RT.loadResourceScript(RT.java:357)
	at clojure.lang.RT.loadResourceScript(RT.java:348)
	at clojure.lang.RT.load(RT.java:427)
	at clojure.lang.RT.load(RT.java:398)
	at clojure.core$load$fn__4610.invoke(core.clj:5386)
	at clojure.core$load.doInvoke(core.clj:5385)
	at clojure.lang.RestFn.invoke(RestFn.java:408)
	at clojure.core$load_one.invoke(core.clj:5200)
	at clojure.core$load_lib.doInvoke(core.clj:5237)
	at clojure.lang.RestFn.applyTo(RestFn.java:142)
	at clojure.core$apply.invoke(core.clj:602)
	at clojure.core$load_libs.doInvoke(core.clj:5271)
	at clojure.lang.RestFn.applyTo(RestFn.java:137)
	at clojure.core$apply.invoke(core.clj:602)
	at clojure.core$require.doInvoke(core.clj:5352)
	at clojure.lang.RestFn.invoke(RestFn.java:421)
	at bake3363$eval285$loading__4505__auto____286.invoke(NO_SOURCE_FILE:0)
	at bake3363$eval285.invoke(NO_SOURCE_FILE)
	at clojure.lang.Compiler.eval(Compiler.java:6465)
	at clojure.lang.Compiler.eval(Compiler.java:6455)
	at clojure.lang.Compiler.eval(Compiler.java:6454)
	at clojure.lang.Compiler.eval(Compiler.java:6431)
	at clojure.core$eval.invoke(core.clj:2795)
	at clojure.core$eval277$fn__278$fn__279.invoke(NO_SOURCE_FILE)
	at clojure.core$eval277$fn__278.invoke(NO_SOURCE_FILE:0)
	at sun.reflect.NativeMethodAccessorImpl.invoke0(Native Method)
	at sun.reflect.NativeMethodAccessorImpl.invoke(NativeMethodAccessorImpl.java:57)
	at sun.reflect.DelegatingMethodAccessorImpl.invoke(DelegatingMethodAccessorImpl.java:43)
	at java.lang.reflect.Method.invoke(Method.java:616)
	at clojure.lang.Reflector.invokeMatchingMethod(Reflector.java:90)
	at clojure.lang.Reflector.invokeInstanceMethod(Reflector.java:28)
	at classlojure$eval_in$fn__1114.invoke(classlojure.clj:59)
	at classlojure$eval_in.doInvoke(classlojure.clj:52)
	at clojure.lang.RestFn.applyTo(RestFn.java:143)
	at clojure.core$apply.doInvoke(core.clj:548)
	at clojure.lang.RestFn.invoke(RestFn.java:534)
	at cake.project$project_eval.invoke(project.clj:114)
	at cake.tasks.swank$serve_swank$fn__1269.invoke(swank.clj:12)
	at swank.util.net.sockets$start_server_socket_BANG_$fn__1833$fn__1834.invoke(sockets.clj:42)
	at clojure.lang.AFn.applyToHelper(AFn.java:159)
	at clojure.lang.AFn.applyTo(AFn.java:151)
	at clojure.core$apply.invoke(core.clj:540)
	at swank.util.net.sockets$start_server_socket_BANG_$fn__1833.doInvoke(sockets.clj:38)
	at clojure.lang.RestFn.invoke(RestFn.java:398)
	at clojure.lang.AFn.run(AFn.java:24)
	at java.lang.Thread.run(Thread.java:679)
exception in read loop
java.lang.Exception: Error reading swank message
	at sun.reflect.NativeConstructorAccessorImpl.newInstance0(Native Method)
	at sun.reflect.NativeConstructorAccessorImpl.newInstance(NativeConstructorAccessorImpl.java:57)
	at sun.reflect.DelegatingConstructorAccessorImpl.newInstance(DelegatingConstructorAccessorImpl.java:45)
	at java.lang.reflect.Constructor.newInstance(Constructor.java:532)
	at clojure.lang.Compiler$NewExpr.eval(Compiler.java:2373)
	at clojure.lang.Compiler$DefExpr.eval(Compiler.java:375)
	at clojure.lang.Compiler.eval(Compiler.java:6470)
	at clojure.lang.Compiler.load(Compiler.java:6902)
	at clojure.lang.RT.loadResourceScript(RT.java:357)
	at clojure.lang.RT.loadResourceScript(RT.java:348)
	at clojure.lang.RT.load(RT.java:427)
	at clojure.lang.RT.load(RT.java:398)
	at clojure.core$load$fn__4610.invoke(core.clj:5386)
	at clojure.core$load.doInvoke(core.clj:5385)
	at clojure.lang.RestFn.invoke(RestFn.java:408)
	at clojure.core$load_one.invoke(core.clj:5200)
	at clojure.core$load_lib.doInvoke(core.clj:5237)
	at clojure.lang.RestFn.applyTo(RestFn.java:142)
	at clojure.core$apply.invoke(core.clj:602)
	at clojure.core$load_libs.doInvoke(core.clj:5275)
	at clojure.lang.RestFn.applyTo(RestFn.java:137)
	at clojure.core$apply.invoke(core.clj:604)
	at clojure.core$use.doInvoke(core.clj:5363)
	at clojure.lang.RestFn.invoke(RestFn.java:436)
	at swank.core.connection$eval425$loading__4505__auto____426.invoke(connection.clj:1)
	at swank.core.connection$eval425.invoke(connection.clj:1)
	at clojure.lang.Compiler.eval(Compiler.java:6465)
	at clojure.lang.Compiler.eval(Compiler.java:6455)
	at clojure.lang.Compiler.load(Compiler.java:6902)
	at clojure.lang.RT.loadResourceScript(RT.java:357)
	at clojure.lang.RT.loadResourceScript(RT.java:348)
	at clojure.lang.RT.load(RT.java:427)
	at clojure.lang.RT.load(RT.java:398)
	at clojure.core$load$fn__4610.invoke(core.clj:5386)
	at clojure.core$load.doInvoke(core.clj:5385)
	at clojure.lang.RestFn.invoke(RestFn.java:408)
	at clojure.core$load_one.invoke(core.clj:5200)
	at clojure.core$load_lib.doInvoke(core.clj:5237)
	at clojure.lang.RestFn.applyTo(RestFn.java:142)
	at clojure.core$apply.invoke(core.clj:602)
	at clojure.core$load_libs.doInvoke(core.clj:5275)
	at clojure.lang.RestFn.applyTo(RestFn.java:137)
	at clojure.core$apply.invoke(core.clj:604)
	at clojure.core$use.doInvoke(core.clj:5363)
	at clojure.lang.RestFn.invoke(RestFn.java:457)
	at swank.core$eval297$loading__4505__auto____298.invoke(core.clj:1)
	at swank.core$eval297.invoke(core.clj:1)
	at clojure.lang.Compiler.eval(Compiler.java:6465)
	at clojure.lang.Compiler.eval(Compiler.java:6455)
	at clojure.lang.Compiler.load(Compiler.java:6902)
	at clojure.lang.RT.loadResourceScript(RT.java:357)
	at clojure.lang.RT.loadResourceScript(RT.java:348)
	at clojure.lang.RT.load(RT.java:427)
	at clojure.lang.RT.load(RT.java:398)
	at clojure.core$load$fn__4610.invoke(core.clj:5386)
	at clojure.core$load.doInvoke(core.clj:5385)
	at clojure.lang.RestFn.invoke(RestFn.java:408)
	at clojure.core$load_one.invoke(core.clj:5200)
	at clojure.core$load_lib.doInvoke(core.clj:5237)
	at clojure.lang.RestFn.applyTo(RestFn.java:142)
	at clojure.core$apply.invoke(core.clj:602)
	at clojure.core$load_libs.doInvoke(core.clj:5271)
	at clojure.lang.RestFn.applyTo(RestFn.java:137)
	at clojure.core$apply.invoke(core.clj:604)
	at clojure.core$use.doInvoke(core.clj:5363)
	at clojure.lang.RestFn.invoke(RestFn.java:512)
	at swank.swank$eval291$loading__4505__auto____292.invoke(swank.clj:11)
	at swank.swank$eval291.invoke(swank.clj:11)
	at clojure.lang.Compiler.eval(Compiler.java:6465)
	at clojure.lang.Compiler.eval(Compiler.java:6455)
	at clojure.lang.Compiler.load(Compiler.java:6902)
	at clojure.lang.RT.loadResourceScript(RT.java:357)
	at clojure.lang.RT.loadResourceScript(RT.java:348)
	at clojure.lang.RT.load(RT.java:427)
	at clojure.lang.RT.load(RT.java:398)
	at clojure.core$load$fn__4610.invoke(core.clj:5386)
	at clojure.core$load.doInvoke(core.clj:5385)
	at clojure.lang.RestFn.invoke(RestFn.java:408)
	at clojure.core$load_one.invoke(core.clj:5200)
	at clojure.core$load_lib.doInvoke(core.clj:5237)
	at clojure.lang.RestFn.applyTo(RestFn.java:142)
	at clojure.core$apply.invoke(core.clj:602)
	at clojure.core$load_libs.doInvoke(core.clj:5271)
	at clojure.lang.RestFn.applyTo(RestFn.java:137)
	at clojure.core$apply.invoke(core.clj:602)
	at clojure.core$require.doInvoke(core.clj:5352)
	at clojure.lang.RestFn.invoke(RestFn.java:421)
	at bake3363$eval285$loading__4505__auto____286.invoke(NO_SOURCE_FILE:0)
	at bake3363$eval285.invoke(NO_SOURCE_FILE)
	at clojure.lang.Compiler.eval(Compiler.java:6465)
	at clojure.lang.Compiler.eval(Compiler.java:6455)
	at clojure.lang.Compiler.eval(Compiler.java:6454)
	at clojure.lang.Compiler.eval(Compiler.java:6431)
	at clojure.core$eval.invoke(core.clj:2795)
	at clojure.core$eval277$fn__278$fn__279.invoke(NO_SOURCE_FILE)
	at clojure.core$eval277$fn__278.invoke(NO_SOURCE_FILE:0)
	at sun.reflect.NativeMethodAccessorImpl.invoke0(Native Method)
	at sun.reflect.NativeMethodAccessorImpl.invoke(NativeMethodAccessorImpl.java:57)
	at sun.reflect.DelegatingMethodAccessorImpl.invoke(DelegatingMethodAccessorImpl.java:43)
	at java.lang.reflect.Method.invoke(Method.java:616)
	at clojure.lang.Reflector.invokeMatchingMethod(Reflector.java:90)
	at clojure.lang.Reflector.invokeInstanceMethod(Reflector.java:28)
	at classlojure$eval_in$fn__1114.invoke(classlojure.clj:59)
	at classlojure$eval_in.doInvoke(classlojure.clj:52)
	at clojure.lang.RestFn.applyTo(RestFn.java:143)
	at clojure.core$apply.doInvoke(core.clj:548)
	at clojure.lang.RestFn.invoke(RestFn.java:534)
	at cake.project$project_eval.invoke(project.clj:114)
	at cake.tasks.swank$serve_swank$fn__1269.invoke(swank.clj:12)
	at swank.util.net.sockets$start_server_socket_BANG_$fn__1833$fn__1834.invoke(sockets.clj:42)
	at clojure.lang.AFn.applyToHelper(AFn.java:159)
	at clojure.lang.AFn.applyTo(AFn.java:151)
	at clojure.core$apply.invoke(core.clj:540)
	at swank.util.net.sockets$start_server_socket_BANG_$fn__1833.doInvoke(sockets.clj:38)
	at clojure.lang.RestFn.invoke(RestFn.java:398)
	at clojure.lang.AFn.run(AFn.java:24)
	at java.lang.Thread.run(Thread.java:679)
exception in read loop
java.lang.Exception: Error reading swank message
	at sun.reflect.NativeConstructorAccessorImpl.newInstance0(Native Method)
	at sun.reflect.NativeConstructorAccessorImpl.newInstance(NativeConstructorAccessorImpl.java:57)
	at sun.reflect.DelegatingConstructorAccessorImpl.newInstance(DelegatingConstructorAccessorImpl.java:45)
	at java.lang.reflect.Constructor.newInstance(Constructor.java:532)
	at clojure.lang.Compiler$NewExpr.eval(Compiler.java:2373)
	at clojure.lang.Compiler$DefExpr.eval(Compiler.java:375)
	at clojure.lang.Compiler.eval(Compiler.java:6470)
	at clojure.lang.Compiler.load(Compiler.java:6902)
	at clojure.lang.RT.loadResourceScript(RT.java:357)
	at clojure.lang.RT.loadResourceScript(RT.java:348)
	at clojure.lang.RT.load(RT.java:427)
	at clojure.lang.RT.load(RT.java:398)
	at clojure.core$load$fn__4610.invoke(core.clj:5386)
	at clojure.core$load.doInvoke(core.clj:5385)
	at clojure.lang.RestFn.invoke(RestFn.java:408)
	at clojure.core$load_one.invoke(core.clj:5200)
	at clojure.core$load_lib.doInvoke(core.clj:5237)
	at clojure.lang.RestFn.applyTo(RestFn.java:142)
	at clojure.core$apply.invoke(core.clj:602)
	at clojure.core$load_libs.doInvoke(core.clj:5275)
	at clojure.lang.RestFn.applyTo(RestFn.java:137)
	at clojure.core$apply.invoke(core.clj:604)
	at clojure.core$use.doInvoke(core.clj:5363)
	at clojure.lang.RestFn.invoke(RestFn.java:436)
	at swank.core.connection$eval425$loading__4505__auto____426.invoke(connection.clj:1)
	at swank.core.connection$eval425.invoke(connection.clj:1)
	at clojure.lang.Compiler.eval(Compiler.java:6465)
	at clojure.lang.Compiler.eval(Compiler.java:6455)
	at clojure.lang.Compiler.load(Compiler.java:6902)
	at clojure.lang.RT.loadResourceScript(RT.java:357)
	at clojure.lang.RT.loadResourceScript(RT.java:348)
	at clojure.lang.RT.load(RT.java:427)
	at clojure.lang.RT.load(RT.java:398)
	at clojure.core$load$fn__4610.invoke(core.clj:5386)
	at clojure.core$load.doInvoke(core.clj:5385)
	at clojure.lang.RestFn.invoke(RestFn.java:408)
	at clojure.core$load_one.invoke(core.clj:5200)
	at clojure.core$load_lib.doInvoke(core.clj:5237)
	at clojure.lang.RestFn.applyTo(RestFn.java:142)
	at clojure.core$apply.invoke(core.clj:602)
	at clojure.core$load_libs.doInvoke(core.clj:5275)
	at clojure.lang.RestFn.applyTo(RestFn.java:137)
	at clojure.core$apply.invoke(core.clj:604)
	at clojure.core$use.doInvoke(core.clj:5363)
	at clojure.lang.RestFn.invoke(RestFn.java:457)
	at swank.core$eval297$loading__4505__auto____298.invoke(core.clj:1)
	at swank.core$eval297.invoke(core.clj:1)
	at clojure.lang.Compiler.eval(Compiler.java:6465)
	at clojure.lang.Compiler.eval(Compiler.java:6455)
	at clojure.lang.Compiler.load(Compiler.java:6902)
	at clojure.lang.RT.loadResourceScript(RT.java:357)
	at clojure.lang.RT.loadResourceScript(RT.java:348)
	at clojure.lang.RT.load(RT.java:427)
	at clojure.lang.RT.load(RT.java:398)
	at clojure.core$load$fn__4610.invoke(core.clj:5386)
	at clojure.core$load.doInvoke(core.clj:5385)
	at clojure.lang.RestFn.invoke(RestFn.java:408)
	at clojure.core$load_one.invoke(core.clj:5200)
	at clojure.core$load_lib.doInvoke(core.clj:5237)
	at clojure.lang.RestFn.applyTo(RestFn.java:142)
	at clojure.core$apply.invoke(core.clj:602)
	at clojure.core$load_libs.doInvoke(core.clj:5271)
	at clojure.lang.RestFn.applyTo(RestFn.java:137)
	at clojure.core$apply.invoke(core.clj:604)
	at clojure.core$use.doInvoke(core.clj:5363)
	at clojure.lang.RestFn.invoke(RestFn.java:512)
	at swank.swank$eval291$loading__4505__auto____292.invoke(swank.clj:11)
	at swank.swank$eval291.invoke(swank.clj:11)
	at clojure.lang.Compiler.eval(Compiler.java:6465)
	at clojure.lang.Compiler.eval(Compiler.java:6455)
	at clojure.lang.Compiler.load(Compiler.java:6902)
	at clojure.lang.RT.loadResourceScript(RT.java:357)
	at clojure.lang.RT.loadResourceScript(RT.java:348)
	at clojure.lang.RT.load(RT.java:427)
	at clojure.lang.RT.load(RT.java:398)
	at clojure.core$load$fn__4610.invoke(core.clj:5386)
	at clojure.core$load.doInvoke(core.clj:5385)
	at clojure.lang.RestFn.invoke(RestFn.java:408)
	at clojure.core$load_one.invoke(core.clj:5200)
	at clojure.core$load_lib.doInvoke(core.clj:5237)
	at clojure.lang.RestFn.applyTo(RestFn.java:142)
	at clojure.core$apply.invoke(core.clj:602)
	at clojure.core$load_libs.doInvoke(core.clj:5271)
	at clojure.lang.RestFn.applyTo(RestFn.java:137)
	at clojure.core$apply.invoke(core.clj:602)
	at clojure.core$require.doInvoke(core.clj:5352)
	at clojure.lang.RestFn.invoke(RestFn.java:421)
	at bake3363$eval285$loading__4505__auto____286.invoke(NO_SOURCE_FILE:0)
	at bake3363$eval285.invoke(NO_SOURCE_FILE)
	at clojure.lang.Compiler.eval(Compiler.java:6465)
	at clojure.lang.Compiler.eval(Compiler.java:6455)
	at clojure.lang.Compiler.eval(Compiler.java:6454)
	at clojure.lang.Compiler.eval(Compiler.java:6431)
	at clojure.core$eval.invoke(core.clj:2795)
	at clojure.core$eval277$fn__278$fn__279.invoke(NO_SOURCE_FILE)
	at clojure.core$eval277$fn__278.invoke(NO_SOURCE_FILE:0)
	at sun.reflect.NativeMethodAccessorImpl.invoke0(Native Method)
	at sun.reflect.NativeMethodAccessorImpl.invoke(NativeMethodAccessorImpl.java:57)
	at sun.reflect.DelegatingMethodAccessorImpl.invoke(DelegatingMethodAccessorImpl.java:43)
	at java.lang.reflect.Method.invoke(Method.java:616)
	at clojure.lang.Reflector.invokeMatchingMethod(Reflector.java:90)
	at clojure.lang.Reflector.invokeInstanceMethod(Reflector.java:28)
	at classlojure$eval_in$fn__1114.invoke(classlojure.clj:59)
	at classlojure$eval_in.doInvoke(classlojure.clj:52)
	at clojure.lang.RestFn.applyTo(RestFn.java:143)
	at clojure.core$apply.doInvoke(core.clj:548)
	at clojure.lang.RestFn.invoke(RestFn.java:534)
	at cake.project$project_eval.invoke(project.clj:114)
	at cake.tasks.swank$serve_swank$fn__1269.invoke(swank.clj:12)
	at swank.util.net.sockets$start_server_socket_BANG_$fn__1833$fn__1834.invoke(sockets.clj:42)
	at clojure.lang.AFn.applyToHelper(AFn.java:159)
	at clojure.lang.AFn.applyTo(AFn.java:151)
	at clojure.core$apply.invoke(core.clj:540)
	at swank.util.net.sockets$start_server_socket_BANG_$fn__1833.doInvoke(sockets.clj:38)
	at clojure.lang.RestFn.invoke(RestFn.java:398)
	at clojure.lang.AFn.run(AFn.java:24)
	at java.lang.Thread.run(Thread.java:679)
exception in read loop
java.lang.Exception: Error reading swank message
	at sun.reflect.NativeConstructorAccessorImpl.newInstance0(Native Method)
	at sun.reflect.NativeConstructorAccessorImpl.newInstance(NativeConstructorAccessorImpl.java:57)
	at sun.reflect.DelegatingConstructorAccessorImpl.newInstance(DelegatingConstructorAccessorImpl.java:45)
	at java.lang.reflect.Constructor.newInstance(Constructor.java:532)
	at clojure.lang.Compiler$NewExpr.eval(Compiler.java:2373)
	at clojure.lang.Compiler$DefExpr.eval(Compiler.java:375)
	at clojure.lang.Compiler.eval(Compiler.java:6470)
	at clojure.lang.Compiler.load(Compiler.java:6902)
	at clojure.lang.RT.loadResourceScript(RT.java:357)
	at clojure.lang.RT.loadResourceScript(RT.java:348)
	at clojure.lang.RT.load(RT.java:427)
	at clojure.lang.RT.load(RT.java:398)
	at clojure.core$load$fn__4610.invoke(core.clj:5386)
	at clojure.core$load.doInvoke(core.clj:5385)
	at clojure.lang.RestFn.invoke(RestFn.java:408)
	at clojure.core$load_one.invoke(core.clj:5200)
	at clojure.core$load_lib.doInvoke(core.clj:5237)
	at clojure.lang.RestFn.applyTo(RestFn.java:142)
	at clojure.core$apply.invoke(core.clj:602)
	at clojure.core$load_libs.doInvoke(core.clj:5275)
	at clojure.lang.RestFn.applyTo(RestFn.java:137)
	at clojure.core$apply.invoke(core.clj:604)
	at clojure.core$use.doInvoke(core.clj:5363)
	at clojure.lang.RestFn.invoke(RestFn.java:436)
	at swank.core.connection$eval425$loading__4505__auto____426.invoke(connection.clj:1)
	at swank.core.connection$eval425.invoke(connection.clj:1)
	at clojure.lang.Compiler.eval(Compiler.java:6465)
	at clojure.lang.Compiler.eval(Compiler.java:6455)
	at clojure.lang.Compiler.load(Compiler.java:6902)
	at clojure.lang.RT.loadResourceScript(RT.java:357)
	at clojure.lang.RT.loadResourceScript(RT.java:348)
	at clojure.lang.RT.load(RT.java:427)
	at clojure.lang.RT.load(RT.java:398)
	at clojure.core$load$fn__4610.invoke(core.clj:5386)
	at clojure.core$load.doInvoke(core.clj:5385)
	at clojure.lang.RestFn.invoke(RestFn.java:408)
	at clojure.core$load_one.invoke(core.clj:5200)
	at clojure.core$load_lib.doInvoke(core.clj:5237)
	at clojure.lang.RestFn.applyTo(RestFn.java:142)
	at clojure.core$apply.invoke(core.clj:602)
	at clojure.core$load_libs.doInvoke(core.clj:5275)
	at clojure.lang.RestFn.applyTo(RestFn.java:137)
	at clojure.core$apply.invoke(core.clj:604)
	at clojure.core$use.doInvoke(core.clj:5363)
	at clojure.lang.RestFn.invoke(RestFn.java:457)
	at swank.core$eval297$loading__4505__auto____298.invoke(core.clj:1)
	at swank.core$eval297.invoke(core.clj:1)
	at clojure.lang.Compiler.eval(Compiler.java:6465)
	at clojure.lang.Compiler.eval(Compiler.java:6455)
	at clojure.lang.Compiler.load(Compiler.java:6902)
	at clojure.lang.RT.loadResourceScript(RT.java:357)
	at clojure.lang.RT.loadResourceScript(RT.java:348)
	at clojure.lang.RT.load(RT.java:427)
	at clojure.lang.RT.load(RT.java:398)
	at clojure.core$load$fn__4610.invoke(core.clj:5386)
	at clojure.core$load.doInvoke(core.clj:5385)
	at clojure.lang.RestFn.invoke(RestFn.java:408)
	at clojure.core$load_one.invoke(core.clj:5200)
	at clojure.core$load_lib.doInvoke(core.clj:5237)
	at clojure.lang.RestFn.applyTo(RestFn.java:142)
	at clojure.core$apply.invoke(core.clj:602)
	at clojure.core$load_libs.doInvoke(core.clj:5271)
	at clojure.lang.RestFn.applyTo(RestFn.java:137)
	at clojure.core$apply.invoke(core.clj:604)
	at clojure.core$use.doInvoke(core.clj:5363)
	at clojure.lang.RestFn.invoke(RestFn.java:512)
	at swank.swank$eval291$loading__4505__auto____292.invoke(swank.clj:11)
	at swank.swank$eval291.invoke(swank.clj:11)
	at clojure.lang.Compiler.eval(Compiler.java:6465)
	at clojure.lang.Compiler.eval(Compiler.java:6455)
	at clojure.lang.Compiler.load(Compiler.java:6902)
	at clojure.lang.RT.loadResourceScript(RT.java:357)
	at clojure.lang.RT.loadResourceScript(RT.java:348)
	at clojure.lang.RT.load(RT.java:427)
	at clojure.lang.RT.load(RT.java:398)
	at clojure.core$load$fn__4610.invoke(core.clj:5386)
	at clojure.core$load.doInvoke(core.clj:5385)
	at clojure.lang.RestFn.invoke(RestFn.java:408)
	at clojure.core$load_one.invoke(core.clj:5200)
	at clojure.core$load_lib.doInvoke(core.clj:5237)
	at clojure.lang.RestFn.applyTo(RestFn.java:142)
	at clojure.core$apply.invoke(core.clj:602)
	at clojure.core$load_libs.doInvoke(core.clj:5271)
	at clojure.lang.RestFn.applyTo(RestFn.java:137)
	at clojure.core$apply.invoke(core.clj:602)
	at clojure.core$require.doInvoke(core.clj:5352)
	at clojure.lang.RestFn.invoke(RestFn.java:421)
	at bake3363$eval285$loading__4505__auto____286.invoke(NO_SOURCE_FILE:0)
	at bake3363$eval285.invoke(NO_SOURCE_FILE)
	at clojure.lang.Compiler.eval(Compiler.java:6465)
	at clojure.lang.Compiler.eval(Compiler.java:6455)
	at clojure.lang.Compiler.eval(Compiler.java:6454)
	at clojure.lang.Compiler.eval(Compiler.java:6431)
	at clojure.core$eval.invoke(core.clj:2795)
	at clojure.core$eval277$fn__278$fn__279.invoke(NO_SOURCE_FILE)
	at clojure.core$eval277$fn__278.invoke(NO_SOURCE_FILE:0)
	at sun.reflect.NativeMethodAccessorImpl.invoke0(Native Method)
	at sun.reflect.NativeMethodAccessorImpl.invoke(NativeMethodAccessorImpl.java:57)
	at sun.reflect.DelegatingMethodAccessorImpl.invoke(DelegatingMethodAccessorImpl.java:43)
	at java.lang.reflect.Method.invoke(Method.java:616)
	at clojure.lang.Reflector.invokeMatchingMethod(Reflector.java:90)
	at clojure.lang.Reflector.invokeInstanceMethod(Reflector.java:28)
	at classlojure$eval_in$fn__1114.invoke(classlojure.clj:59)
	at classlojure$eval_in.doInvoke(classlojure.clj:52)
	at clojure.lang.RestFn.applyTo(RestFn.java:143)
	at clojure.core$apply.doInvoke(core.clj:548)
	at clojure.lang.RestFn.invoke(RestFn.java:534)
	at cake.project$project_eval.invoke(project.clj:114)
	at cake.tasks.swank$serve_swank$fn__1269.invoke(swank.clj:12)
	at swank.util.net.sockets$start_server_socket_BANG_$fn__1833$fn__1834.invoke(sockets.clj:42)
	at clojure.lang.AFn.applyToHelper(AFn.java:159)
	at clojure.lang.AFn.applyTo(AFn.java:151)
	at clojure.core$apply.invoke(core.clj:540)
	at swank.util.net.sockets$start_server_socket_BANG_$fn__1833.doInvoke(sockets.clj:38)
	at clojure.lang.RestFn.invoke(RestFn.java:398)
	at clojure.lang.AFn.run(AFn.java:24)
	at java.lang.Thread.run(Thread.java:679)
exception in read loop
java.lang.Exception: Error reading swank message
	at sun.reflect.NativeConstructorAccessorImpl.newInstance0(Native Method)
	at sun.reflect.NativeConstructorAccessorImpl.newInstance(NativeConstructorAccessorImpl.java:57)
	at sun.reflect.DelegatingConstructorAccessorImpl.newInstance(DelegatingConstructorAccessorImpl.java:45)
	at java.lang.reflect.Constructor.newInstance(Constructor.java:532)
	at clojure.lang.Compiler$NewExpr.eval(Compiler.java:2373)
	at clojure.lang.Compiler$DefExpr.eval(Compiler.java:375)
	at clojure.lang.Compiler.eval(Compiler.java:6470)
	at clojure.lang.Compiler.load(Compiler.java:6902)
	at clojure.lang.RT.loadResourceScript(RT.java:357)
	at clojure.lang.RT.loadResourceScript(RT.java:348)
	at clojure.lang.RT.load(RT.java:427)
	at clojure.lang.RT.load(RT.java:398)
	at clojure.core$load$fn__4610.invoke(core.clj:5386)
	at clojure.core$load.doInvoke(core.clj:5385)
	at clojure.lang.RestFn.invoke(RestFn.java:408)
	at clojure.core$load_one.invoke(core.clj:5200)
	at clojure.core$load_lib.doInvoke(core.clj:5237)
	at clojure.lang.RestFn.applyTo(RestFn.java:142)
	at clojure.core$apply.invoke(core.clj:602)
	at clojure.core$load_libs.doInvoke(core.clj:5275)
	at clojure.lang.RestFn.applyTo(RestFn.java:137)
	at clojure.core$apply.invoke(core.clj:604)
	at clojure.core$use.doInvoke(core.clj:5363)
	at clojure.lang.RestFn.invoke(RestFn.java:436)
	at swank.core.connection$eval425$loading__4505__auto____426.invoke(connection.clj:1)
	at swank.core.connection$eval425.invoke(connection.clj:1)
	at clojure.lang.Compiler.eval(Compiler.java:6465)
	at clojure.lang.Compiler.eval(Compiler.java:6455)
	at clojure.lang.Compiler.load(Compiler.java:6902)
	at clojure.lang.RT.loadResourceScript(RT.java:357)
	at clojure.lang.RT.loadResourceScript(RT.java:348)
	at clojure.lang.RT.load(RT.java:427)
	at clojure.lang.RT.load(RT.java:398)
	at clojure.core$load$fn__4610.invoke(core.clj:5386)
	at clojure.core$load.doInvoke(core.clj:5385)
	at clojure.lang.RestFn.invoke(RestFn.java:408)
	at clojure.core$load_one.invoke(core.clj:5200)
	at clojure.core$load_lib.doInvoke(core.clj:5237)
	at clojure.lang.RestFn.applyTo(RestFn.java:142)
	at clojure.core$apply.invoke(core.clj:602)
	at clojure.core$load_libs.doInvoke(core.clj:5275)
	at clojure.lang.RestFn.applyTo(RestFn.java:137)
	at clojure.core$apply.invoke(core.clj:604)
	at clojure.core$use.doInvoke(core.clj:5363)
	at clojure.lang.RestFn.invoke(RestFn.java:457)
	at swank.core$eval297$loading__4505__auto____298.invoke(core.clj:1)
	at swank.core$eval297.invoke(core.clj:1)
	at clojure.lang.Compiler.eval(Compiler.java:6465)
	at clojure.lang.Compiler.eval(Compiler.java:6455)
	at clojure.lang.Compiler.load(Compiler.java:6902)
	at clojure.lang.RT.loadResourceScript(RT.java:357)
	at clojure.lang.RT.loadResourceScript(RT.java:348)
	at clojure.lang.RT.load(RT.java:427)
	at clojure.lang.RT.load(RT.java:398)
	at clojure.core$load$fn__4610.invoke(core.clj:5386)
	at clojure.core$load.doInvoke(core.clj:5385)
	at clojure.lang.RestFn.invoke(RestFn.java:408)
	at clojure.core$load_one.invoke(core.clj:5200)
	at clojure.core$load_lib.doInvoke(core.clj:5237)
	at clojure.lang.RestFn.applyTo(RestFn.java:142)
	at clojure.core$apply.invoke(core.clj:602)
	at clojure.core$load_libs.doInvoke(core.clj:5271)
	at clojure.lang.RestFn.applyTo(RestFn.java:137)
	at clojure.core$apply.invoke(core.clj:604)
	at clojure.core$use.doInvoke(core.clj:5363)
	at clojure.lang.RestFn.invoke(RestFn.java:512)
	at swank.swank$eval291$loading__4505__auto____292.invoke(swank.clj:11)
	at swank.swank$eval291.invoke(swank.clj:11)
	at clojure.lang.Compiler.eval(Compiler.java:6465)
	at clojure.lang.Compiler.eval(Compiler.java:6455)
	at clojure.lang.Compiler.load(Compiler.java:6902)
	at clojure.lang.RT.loadResourceScript(RT.java:357)
	at clojure.lang.RT.loadResourceScript(RT.java:348)
	at clojure.lang.RT.load(RT.java:427)
	at clojure.lang.RT.load(RT.java:398)
	at clojure.core$load$fn__4610.invoke(core.clj:5386)
	at clojure.core$load.doInvoke(core.clj:5385)
	at clojure.lang.RestFn.invoke(RestFn.java:408)
	at clojure.core$load_one.invoke(core.clj:5200)
	at clojure.core$load_lib.doInvoke(core.clj:5237)
	at clojure.lang.RestFn.applyTo(RestFn.java:142)
	at clojure.core$apply.invoke(core.clj:602)
	at clojure.core$load_libs.doInvoke(core.clj:5271)
	at clojure.lang.RestFn.applyTo(RestFn.java:137)
	at clojure.core$apply.invoke(core.clj:602)
	at clojure.core$require.doInvoke(core.clj:5352)
	at clojure.lang.RestFn.invoke(RestFn.java:421)
	at bake3363$eval285$loading__4505__auto____286.invoke(NO_SOURCE_FILE:0)
	at bake3363$eval285.invoke(NO_SOURCE_FILE)
	at clojure.lang.Compiler.eval(Compiler.java:6465)
	at clojure.lang.Compiler.eval(Compiler.java:6455)
	at clojure.lang.Compiler.eval(Compiler.java:6454)
	at clojure.lang.Compiler.eval(Compiler.java:6431)
	at clojure.core$eval.invoke(core.clj:2795)
	at clojure.core$eval277$fn__278$fn__279.invoke(NO_SOURCE_FILE)
	at clojure.core$eval277$fn__278.invoke(NO_SOURCE_FILE:0)
	at sun.reflect.NativeMethodAccessorImpl.invoke0(Native Method)
	at sun.reflect.NativeMethodAccessorImpl.invoke(NativeMethodAccessorImpl.java:57)
	at sun.reflect.DelegatingMethodAccessorImpl.invoke(DelegatingMethodAccessorImpl.java:43)
	at java.lang.reflect.Method.invoke(Method.java:616)
	at clojure.lang.Reflector.invokeMatchingMethod(Reflector.java:90)
	at clojure.lang.Reflector.invokeInstanceMethod(Reflector.java:28)
	at classlojure$eval_in$fn__1114.invoke(classlojure.clj:59)
	at classlojure$eval_in.doInvoke(classlojure.clj:52)
	at clojure.lang.RestFn.applyTo(RestFn.java:143)
	at clojure.core$apply.doInvoke(core.clj:548)
	at clojure.lang.RestFn.invoke(RestFn.java:534)
	at cake.project$project_eval.invoke(project.clj:114)
	at cake.tasks.swank$serve_swank$fn__1269.invoke(swank.clj:12)
	at swank.util.net.sockets$start_server_socket_BANG_$fn__1833$fn__1834.invoke(sockets.clj:42)
	at clojure.lang.AFn.applyToHelper(AFn.java:159)
	at clojure.lang.AFn.applyTo(AFn.java:151)
	at clojure.core$apply.invoke(core.clj:540)
	at swank.util.net.sockets$start_server_socket_BANG_$fn__1833.doInvoke(sockets.clj:38)
	at clojure.lang.RestFn.invoke(RestFn.java:398)
	at clojure.lang.AFn.run(AFn.java:24)
	at java.lang.Thread.run(Thread.java:679)
exception in read loop
java.lang.Exception: Error reading swank message
	at sun.reflect.NativeConstructorAccessorImpl.newInstance0(Native Method)
	at sun.reflect.NativeConstructorAccessorImpl.newInstance(NativeConstructorAccessorImpl.java:57)
	at sun.reflect.DelegatingConstructorAccessorImpl.newInstance(DelegatingConstructorAccessorImpl.java:45)
	at java.lang.reflect.Constructor.newInstance(Constructor.java:532)
	at clojure.lang.Compiler$NewExpr.eval(Compiler.java:2373)
	at clojure.lang.Compiler$DefExpr.eval(Compiler.java:375)
	at clojure.lang.Compiler.eval(Compiler.java:6470)
	at clojure.lang.Compiler.load(Compiler.java:6902)
	at clojure.lang.RT.loadResourceScript(RT.java:357)
	at clojure.lang.RT.loadResourceScript(RT.java:348)
	at clojure.lang.RT.load(RT.java:427)
	at clojure.lang.RT.load(RT.java:398)
	at clojure.core$load$fn__4610.invoke(core.clj:5386)
	at clojure.core$load.doInvoke(core.clj:5385)
	at clojure.lang.RestFn.invoke(RestFn.java:408)
	at clojure.core$load_one.invoke(core.clj:5200)
	at clojure.core$load_lib.doInvoke(core.clj:5237)
	at clojure.lang.RestFn.applyTo(RestFn.java:142)
	at clojure.core$apply.invoke(core.clj:602)
	at clojure.core$load_libs.doInvoke(core.clj:5275)
	at clojure.lang.RestFn.applyTo(RestFn.java:137)
	at clojure.core$apply.invoke(core.clj:604)
	at clojure.core$use.doInvoke(core.clj:5363)
	at clojure.lang.RestFn.invoke(RestFn.java:436)
	at swank.core.connection$eval425$loading__4505__auto____426.invoke(connection.clj:1)
	at swank.core.connection$eval425.invoke(connection.clj:1)
	at clojure.lang.Compiler.eval(Compiler.java:6465)
	at clojure.lang.Compiler.eval(Compiler.java:6455)
	at clojure.lang.Compiler.load(Compiler.java:6902)
	at clojure.lang.RT.loadResourceScript(RT.java:357)
	at clojure.lang.RT.loadResourceScript(RT.java:348)
	at clojure.lang.RT.load(RT.java:427)
	at clojure.lang.RT.load(RT.java:398)
	at clojure.core$load$fn__4610.invoke(core.clj:5386)
	at clojure.core$load.doInvoke(core.clj:5385)
	at clojure.lang.RestFn.invoke(RestFn.java:408)
	at clojure.core$load_one.invoke(core.clj:5200)
	at clojure.core$load_lib.doInvoke(core.clj:5237)
	at clojure.lang.RestFn.applyTo(RestFn.java:142)
	at clojure.core$apply.invoke(core.clj:602)
	at clojure.core$load_libs.doInvoke(core.clj:5275)
	at clojure.lang.RestFn.applyTo(RestFn.java:137)
	at clojure.core$apply.invoke(core.clj:604)
	at clojure.core$use.doInvoke(core.clj:5363)
	at clojure.lang.RestFn.invoke(RestFn.java:457)
	at swank.core$eval297$loading__4505__auto____298.invoke(core.clj:1)
	at swank.core$eval297.invoke(core.clj:1)
	at clojure.lang.Compiler.eval(Compiler.java:6465)
	at clojure.lang.Compiler.eval(Compiler.java:6455)
	at clojure.lang.Compiler.load(Compiler.java:6902)
	at clojure.lang.RT.loadResourceScript(RT.java:357)
	at clojure.lang.RT.loadResourceScript(RT.java:348)
	at clojure.lang.RT.load(RT.java:427)
	at clojure.lang.RT.load(RT.java:398)
	at clojure.core$load$fn__4610.invoke(core.clj:5386)
	at clojure.core$load.doInvoke(core.clj:5385)
	at clojure.lang.RestFn.invoke(RestFn.java:408)
	at clojure.core$load_one.invoke(core.clj:5200)
	at clojure.core$load_lib.doInvoke(core.clj:5237)
	at clojure.lang.RestFn.applyTo(RestFn.java:142)
	at clojure.core$apply.invoke(core.clj:602)
	at clojure.core$load_libs.doInvoke(core.clj:5271)
	at clojure.lang.RestFn.applyTo(RestFn.java:137)
	at clojure.core$apply.invoke(core.clj:604)
	at clojure.core$use.doInvoke(core.clj:5363)
	at clojure.lang.RestFn.invoke(RestFn.java:512)
	at swank.swank$eval291$loading__4505__auto____292.invoke(swank.clj:11)
	at swank.swank$eval291.invoke(swank.clj:11)
	at clojure.lang.Compiler.eval(Compiler.java:6465)
	at clojure.lang.Compiler.eval(Compiler.java:6455)
	at clojure.lang.Compiler.load(Compiler.java:6902)
	at clojure.lang.RT.loadResourceScript(RT.java:357)
	at clojure.lang.RT.loadResourceScript(RT.java:348)
	at clojure.lang.RT.load(RT.java:427)
	at clojure.lang.RT.load(RT.java:398)
	at clojure.core$load$fn__4610.invoke(core.clj:5386)
	at clojure.core$load.doInvoke(core.clj:5385)
	at clojure.lang.RestFn.invoke(RestFn.java:408)
	at clojure.core$load_one.invoke(core.clj:5200)
	at clojure.core$load_lib.doInvoke(core.clj:5237)
	at clojure.lang.RestFn.applyTo(RestFn.java:142)
	at clojure.core$apply.invoke(core.clj:602)
	at clojure.core$load_libs.doInvoke(core.clj:5271)
	at clojure.lang.RestFn.applyTo(RestFn.java:137)
	at clojure.core$apply.invoke(core.clj:602)
	at clojure.core$require.doInvoke(core.clj:5352)
	at clojure.lang.RestFn.invoke(RestFn.java:421)
	at bake3363$eval285$loading__4505__auto____286.invoke(NO_SOURCE_FILE:0)
	at bake3363$eval285.invoke(NO_SOURCE_FILE)
	at clojure.lang.Compiler.eval(Compiler.java:6465)
	at clojure.lang.Compiler.eval(Compiler.java:6455)
	at clojure.lang.Compiler.eval(Compiler.java:6454)
	at clojure.lang.Compiler.eval(Compiler.java:6431)
	at clojure.core$eval.invoke(core.clj:2795)
	at clojure.core$eval277$fn__278$fn__279.invoke(NO_SOURCE_FILE)
	at clojure.core$eval277$fn__278.invoke(NO_SOURCE_FILE:0)
	at sun.reflect.NativeMethodAccessorImpl.invoke0(Native Method)
	at sun.reflect.NativeMethodAccessorImpl.invoke(NativeMethodAccessorImpl.java:57)
	at sun.reflect.DelegatingMethodAccessorImpl.invoke(DelegatingMethodAccessorImpl.java:43)
	at java.lang.reflect.Method.invoke(Method.java:616)
	at clojure.lang.Reflector.invokeMatchingMethod(Reflector.java:90)
	at clojure.lang.Reflector.invokeInstanceMethod(Reflector.java:28)
	at classlojure$eval_in$fn__1114.invoke(classlojure.clj:59)
	at classlojure$eval_in.doInvoke(classlojure.clj:52)
	at clojure.lang.RestFn.applyTo(RestFn.java:143)
	at clojure.core$apply.doInvoke(core.clj:548)
	at clojure.lang.RestFn.invoke(RestFn.java:534)
	at cake.project$project_eval.invoke(project.clj:114)
	at cake.tasks.swank$serve_swank$fn__1269.invoke(swank.clj:12)
	at swank.util.net.sockets$start_server_socket_BANG_$fn__1833$fn__1834.invoke(sockets.clj:42)
	at clojure.lang.AFn.applyToHelper(AFn.java:159)
	at clojure.lang.AFn.applyTo(AFn.java:151)
	at clojure.core$apply.invoke(core.clj:540)
	at swank.util.net.sockets$start_server_socket_BANG_$fn__1833.doInvoke(sockets.clj:38)
	at clojure.lang.RestFn.invoke(RestFn.java:398)
	at clojure.lang.AFn.run(AFn.java:24)
	at java.lang.Thread.run(Thread.java:679)
exception in read loop
java.lang.Exception: Error reading swank message
	at sun.reflect.NativeConstructorAccessorImpl.newInstance0(Native Method)
	at sun.reflect.NativeConstructorAccessorImpl.newInstance(NativeConstructorAccessorImpl.java:57)
	at sun.reflect.DelegatingConstructorAccessorImpl.newInstance(DelegatingConstructorAccessorImpl.java:45)
	at java.lang.reflect.Constructor.newInstance(Constructor.java:532)
	at clojure.lang.Compiler$NewExpr.eval(Compiler.java:2373)
	at clojure.lang.Compiler$DefExpr.eval(Compiler.java:375)
	at clojure.lang.Compiler.eval(Compiler.java:6470)
	at clojure.lang.Compiler.load(Compiler.java:6902)
	at clojure.lang.RT.loadResourceScript(RT.java:357)
	at clojure.lang.RT.loadResourceScript(RT.java:348)
	at clojure.lang.RT.load(RT.java:427)
	at clojure.lang.RT.load(RT.java:398)
	at clojure.core$load$fn__4610.invoke(core.clj:5386)
	at clojure.core$load.doInvoke(core.clj:5385)
	at clojure.lang.RestFn.invoke(RestFn.java:408)
	at clojure.core$load_one.invoke(core.clj:5200)
	at clojure.core$load_lib.doInvoke(core.clj:5237)
	at clojure.lang.RestFn.applyTo(RestFn.java:142)
	at clojure.core$apply.invoke(core.clj:602)
	at clojure.core$load_libs.doInvoke(core.clj:5275)
	at clojure.lang.RestFn.applyTo(RestFn.java:137)
	at clojure.core$apply.invoke(core.clj:604)
	at clojure.core$use.doInvoke(core.clj:5363)
	at clojure.lang.RestFn.invoke(RestFn.java:436)
	at swank.core.connection$eval425$loading__4505__auto____426.invoke(connection.clj:1)
	at swank.core.connection$eval425.invoke(connection.clj:1)
	at clojure.lang.Compiler.eval(Compiler.java:6465)
	at clojure.lang.Compiler.eval(Compiler.java:6455)
	at clojure.lang.Compiler.load(Compiler.java:6902)
	at clojure.lang.RT.loadResourceScript(RT.java:357)
	at clojure.lang.RT.loadResourceScript(RT.java:348)
	at clojure.lang.RT.load(RT.java:427)
	at clojure.lang.RT.load(RT.java:398)
	at clojure.core$load$fn__4610.invoke(core.clj:5386)
	at clojure.core$load.doInvoke(core.clj:5385)
	at clojure.lang.RestFn.invoke(RestFn.java:408)
	at clojure.core$load_one.invoke(core.clj:5200)
	at clojure.core$load_lib.doInvoke(core.clj:5237)
	at clojure.lang.RestFn.applyTo(RestFn.java:142)
	at clojure.core$apply.invoke(core.clj:602)
	at clojure.core$load_libs.doInvoke(core.clj:5275)
	at clojure.lang.RestFn.applyTo(RestFn.java:137)
	at clojure.core$apply.invoke(core.clj:604)
	at clojure.core$use.doInvoke(core.clj:5363)
	at clojure.lang.RestFn.invoke(RestFn.java:457)
	at swank.core$eval297$loading__4505__auto____298.invoke(core.clj:1)
	at swank.core$eval297.invoke(core.clj:1)
	at clojure.lang.Compiler.eval(Compiler.java:6465)
	at clojure.lang.Compiler.eval(Compiler.java:6455)
	at clojure.lang.Compiler.load(Compiler.java:6902)
	at clojure.lang.RT.loadResourceScript(RT.java:357)
	at clojure.lang.RT.loadResourceScript(RT.java:348)
	at clojure.lang.RT.load(RT.java:427)
	at clojure.lang.RT.load(RT.java:398)
	at clojure.core$load$fn__4610.invoke(core.clj:5386)
	at clojure.core$load.doInvoke(core.clj:5385)
	at clojure.lang.RestFn.invoke(RestFn.java:408)
	at clojure.core$load_one.invoke(core.clj:5200)
	at clojure.core$load_lib.doInvoke(core.clj:5237)
	at clojure.lang.RestFn.applyTo(RestFn.java:142)
	at clojure.core$apply.invoke(core.clj:602)
	at clojure.core$load_libs.doInvoke(core.clj:5271)
	at clojure.lang.RestFn.applyTo(RestFn.java:137)
	at clojure.core$apply.invoke(core.clj:604)
	at clojure.core$use.doInvoke(core.clj:5363)
	at clojure.lang.RestFn.invoke(RestFn.java:512)
	at swank.swank$eval291$loading__4505__auto____292.invoke(swank.clj:11)
	at swank.swank$eval291.invoke(swank.clj:11)
	at clojure.lang.Compiler.eval(Compiler.java:6465)
	at clojure.lang.Compiler.eval(Compiler.java:6455)
	at clojure.lang.Compiler.load(Compiler.java:6902)
	at clojure.lang.RT.loadResourceScript(RT.java:357)
	at clojure.lang.RT.loadResourceScript(RT.java:348)
	at clojure.lang.RT.load(RT.java:427)
	at clojure.lang.RT.load(RT.java:398)
	at clojure.core$load$fn__4610.invoke(core.clj:5386)
	at clojure.core$load.doInvoke(core.clj:5385)
	at clojure.lang.RestFn.invoke(RestFn.java:408)
	at clojure.core$load_one.invoke(core.clj:5200)
	at clojure.core$load_lib.doInvoke(core.clj:5237)
	at clojure.lang.RestFn.applyTo(RestFn.java:142)
	at clojure.core$apply.invoke(core.clj:602)
	at clojure.core$load_libs.doInvoke(core.clj:5271)
	at clojure.lang.RestFn.applyTo(RestFn.java:137)
	at clojure.core$apply.invoke(core.clj:602)
	at clojure.core$require.doInvoke(core.clj:5352)
	at clojure.lang.RestFn.invoke(RestFn.java:421)
	at bake3363$eval285$loading__4505__auto____286.invoke(NO_SOURCE_FILE:0)
	at bake3363$eval285.invoke(NO_SOURCE_FILE)
	at clojure.lang.Compiler.eval(Compiler.java:6465)
	at clojure.lang.Compiler.eval(Compiler.java:6455)
	at clojure.lang.Compiler.eval(Compiler.java:6454)
	at clojure.lang.Compiler.eval(Compiler.java:6431)
	at clojure.core$eval.invoke(core.clj:2795)
	at clojure.core$eval277$fn__278$fn__279.invoke(NO_SOURCE_FILE)
	at clojure.core$eval277$fn__278.invoke(NO_SOURCE_FILE:0)
	at sun.reflect.NativeMethodAccessorImpl.invoke0(Native Method)
	at sun.reflect.NativeMethodAccessorImpl.invoke(NativeMethodAccessorImpl.java:57)
	at sun.reflect.DelegatingMethodAccessorImpl.invoke(DelegatingMethodAccessorImpl.java:43)
	at java.lang.reflect.Method.invoke(Method.java:616)
	at clojure.lang.Reflector.invokeMatchingMethod(Reflector.java:90)
	at clojure.lang.Reflector.invokeInstanceMethod(Reflector.java:28)
	at classlojure$eval_in$fn__1114.invoke(classlojure.clj:59)
	at classlojure$eval_in.doInvoke(classlojure.clj:52)
	at clojure.lang.RestFn.applyTo(RestFn.java:143)
	at clojure.core$apply.doInvoke(core.clj:548)
	at clojure.lang.RestFn.invoke(RestFn.java:534)
	at cake.project$project_eval.invoke(project.clj:114)
	at cake.tasks.swank$serve_swank$fn__1269.invoke(swank.clj:12)
	at swank.util.net.sockets$start_server_socket_BANG_$fn__1833$fn__1834.invoke(sockets.clj:42)
	at clojure.lang.AFn.applyToHelper(AFn.java:159)
	at clojure.lang.AFn.applyTo(AFn.java:151)
	at clojure.core$apply.invoke(core.clj:540)
	at swank.util.net.sockets$start_server_socket_BANG_$fn__1833.doInvoke(sockets.clj:38)
	at clojure.lang.RestFn.invoke(RestFn.java:398)
	at clojure.lang.AFn.run(AFn.java:24)
	at java.lang.Thread.run(Thread.java:679)
exception in read loop
java.lang.Exception: Error reading swank message
	at sun.reflect.NativeConstructorAccessorImpl.newInstance0(Native Method)
	at sun.reflect.NativeConstructorAccessorImpl.newInstance(NativeConstructorAccessorImpl.java:57)
	at sun.reflect.DelegatingConstructorAccessorImpl.newInstance(DelegatingConstructorAccessorImpl.java:45)
	at java.lang.reflect.Constructor.newInstance(Constructor.java:532)
	at clojure.lang.Compiler$NewExpr.eval(Compiler.java:2373)
	at clojure.lang.Compiler$DefExpr.eval(Compiler.java:375)
	at clojure.lang.Compiler.eval(Compiler.java:6470)
	at clojure.lang.Compiler.load(Compiler.java:6902)
	at clojure.lang.RT.loadResourceScript(RT.java:357)
	at clojure.lang.RT.loadResourceScript(RT.java:348)
	at clojure.lang.RT.load(RT.java:427)
	at clojure.lang.RT.load(RT.java:398)
	at clojure.core$load$fn__4610.invoke(core.clj:5386)
	at clojure.core$load.doInvoke(core.clj:5385)
	at clojure.lang.RestFn.invoke(RestFn.java:408)
	at clojure.core$load_one.invoke(core.clj:5200)
	at clojure.core$load_lib.doInvoke(core.clj:5237)
	at clojure.lang.RestFn.applyTo(RestFn.java:142)
	at clojure.core$apply.invoke(core.clj:602)
	at clojure.core$load_libs.doInvoke(core.clj:5275)
	at clojure.lang.RestFn.applyTo(RestFn.java:137)
	at clojure.core$apply.invoke(core.clj:604)
	at clojure.core$use.doInvoke(core.clj:5363)
	at clojure.lang.RestFn.invoke(RestFn.java:436)
	at swank.core.connection$eval425$loading__4505__auto____426.invoke(connection.clj:1)
	at swank.core.connection$eval425.invoke(connection.clj:1)
	at clojure.lang.Compiler.eval(Compiler.java:6465)
	at clojure.lang.Compiler.eval(Compiler.java:6455)
	at clojure.lang.Compiler.load(Compiler.java:6902)
	at clojure.lang.RT.loadResourceScript(RT.java:357)
	at clojure.lang.RT.loadResourceScript(RT.java:348)
	at clojure.lang.RT.load(RT.java:427)
	at clojure.lang.RT.load(RT.java:398)
	at clojure.core$load$fn__4610.invoke(core.clj:5386)
	at clojure.core$load.doInvoke(core.clj:5385)
	at clojure.lang.RestFn.invoke(RestFn.java:408)
	at clojure.core$load_one.invoke(core.clj:5200)
	at clojure.core$load_lib.doInvoke(core.clj:5237)
	at clojure.lang.RestFn.applyTo(RestFn.java:142)
	at clojure.core$apply.invoke(core.clj:602)
	at clojure.core$load_libs.doInvoke(core.clj:5275)
	at clojure.lang.RestFn.applyTo(RestFn.java:137)
	at clojure.core$apply.invoke(core.clj:604)
	at clojure.core$use.doInvoke(core.clj:5363)
	at clojure.lang.RestFn.invoke(RestFn.java:457)
	at swank.core$eval297$loading__4505__auto____298.invoke(core.clj:1)
	at swank.core$eval297.invoke(core.clj:1)
	at clojure.lang.Compiler.eval(Compiler.java:6465)
	at clojure.lang.Compiler.eval(Compiler.java:6455)
	at clojure.lang.Compiler.load(Compiler.java:6902)
	at clojure.lang.RT.loadResourceScript(RT.java:357)
	at clojure.lang.RT.loadResourceScript(RT.java:348)
	at clojure.lang.RT.load(RT.java:427)
	at clojure.lang.RT.load(RT.java:398)
	at clojure.core$load$fn__4610.invoke(core.clj:5386)
	at clojure.core$load.doInvoke(core.clj:5385)
	at clojure.lang.RestFn.invoke(RestFn.java:408)
	at clojure.core$load_one.invoke(core.clj:5200)
	at clojure.core$load_lib.doInvoke(core.clj:5237)
	at clojure.lang.RestFn.applyTo(RestFn.java:142)
	at clojure.core$apply.invoke(core.clj:602)
	at clojure.core$load_libs.doInvoke(core.clj:5271)
	at clojure.lang.RestFn.applyTo(RestFn.java:137)
	at clojure.core$apply.invoke(core.clj:604)
	at clojure.core$use.doInvoke(core.clj:5363)
	at clojure.lang.RestFn.invoke(RestFn.java:512)
	at swank.swank$eval291$loading__4505__auto____292.invoke(swank.clj:11)
	at swank.swank$eval291.invoke(swank.clj:11)
	at clojure.lang.Compiler.eval(Compiler.java:6465)
	at clojure.lang.Compiler.eval(Compiler.java:6455)
	at clojure.lang.Compiler.load(Compiler.java:6902)
	at clojure.lang.RT.loadResourceScript(RT.java:357)
	at clojure.lang.RT.loadResourceScript(RT.java:348)
	at clojure.lang.RT.load(RT.java:427)
	at clojure.lang.RT.load(RT.java:398)
	at clojure.core$load$fn__4610.invoke(core.clj:5386)
	at clojure.core$load.doInvoke(core.clj:5385)
	at clojure.lang.RestFn.invoke(RestFn.java:408)
	at clojure.core$load_one.invoke(core.clj:5200)
	at clojure.core$load_lib.doInvoke(core.clj:5237)
	at clojure.lang.RestFn.applyTo(RestFn.java:142)
	at clojure.core$apply.invoke(core.clj:602)
	at clojure.core$load_libs.doInvoke(core.clj:5271)
	at clojure.lang.RestFn.applyTo(RestFn.java:137)
	at clojure.core$apply.invoke(core.clj:602)
	at clojure.core$require.doInvoke(core.clj:5352)
	at clojure.lang.RestFn.invoke(RestFn.java:421)
	at bake3363$eval285$loading__4505__auto____286.invoke(NO_SOURCE_FILE:0)
	at bake3363$eval285.invoke(NO_SOURCE_FILE)
	at clojure.lang.Compiler.eval(Compiler.java:6465)
	at clojure.lang.Compiler.eval(Compiler.java:6455)
	at clojure.lang.Compiler.eval(Compiler.java:6454)
	at clojure.lang.Compiler.eval(Compiler.java:6431)
	at clojure.core$eval.invoke(core.clj:2795)
	at clojure.core$eval277$fn__278$fn__279.invoke(NO_SOURCE_FILE)
	at clojure.core$eval277$fn__278.invoke(NO_SOURCE_FILE:0)
	at sun.reflect.NativeMethodAccessorImpl.invoke0(Native Method)
	at sun.reflect.NativeMethodAccessorImpl.invoke(NativeMethodAccessorImpl.java:57)
	at sun.reflect.DelegatingMethodAccessorImpl.invoke(DelegatingMethodAccessorImpl.java:43)
	at java.lang.reflect.Method.invoke(Method.java:616)
	at clojure.lang.Reflector.invokeMatchingMethod(Reflector.java:90)
	at clojure.lang.Reflector.invokeInstanceMethod(Reflector.java:28)
	at classlojure$eval_in$fn__1114.invoke(classlojure.clj:59)
	at classlojure$eval_in.doInvoke(classlojure.clj:52)
	at clojure.lang.RestFn.applyTo(RestFn.java:143)
	at clojure.core$apply.doInvoke(core.clj:548)
	at clojure.lang.RestFn.invoke(RestFn.java:534)
	at cake.project$project_eval.invoke(project.clj:114)
	at cake.tasks.swank$serve_swank$fn__1269.invoke(swank.clj:12)
	at swank.util.net.sockets$start_server_socket_BANG_$fn__1833$fn__1834.invoke(sockets.clj:42)
	at clojure.lang.AFn.applyToHelper(AFn.java:159)
	at clojure.lang.AFn.applyTo(AFn.java:151)
	at clojure.core$apply.invoke(core.clj:540)
	at swank.util.net.sockets$start_server_socket_BANG_$fn__1833.doInvoke(sockets.clj:38)
	at clojure.lang.RestFn.invoke(RestFn.java:398)
	at clojure.lang.AFn.run(AFn.java:24)
	at java.lang.Thread.run(Thread.java:679)
{:server-socket #<ServerSocket ServerSocket[addr=localhost/127.0.0.1,port=0,localport=63733]>, :connections #<Ref@1ee5b36: #{}>}
[INFO] snapshot polynome:polynome:0.3-SNAPSHOT: checking for updates from clojure
[INFO] snapshot polynome:polynome:0.3-SNAPSHOT: checking for updates from clojure-snapshots
[INFO] snapshot polynome:polynome:0.3-SNAPSHOT: checking for updates from clojars
[INFO] snapshot polynome:polynome:0.3-SNAPSHOT: checking for updates from maven
Downloading: polynome/polynome/0.3-SNAPSHOT/polynome-0.3-20120323.024257-1.pom from repository clojars at http://clojars.org/repo
Transferring 1K from clojars
Downloading: polynome/polynome/0.3-SNAPSHOT/polynome-0.3-20120323.024257-1.jar from repository clojars at http://clojars.org/repo
Transferring 7K from clojars
[INFO] snapshot monome-serial:monome-serial:0.4-SNAPSHOT: checking for updates from clojure
[INFO] snapshot monome-serial:monome-serial:0.4-SNAPSHOT: checking for updates from clojure-snapshots
[INFO] snapshot monome-serial:monome-serial:0.4-SNAPSHOT: checking for updates from clojars
[INFO] snapshot monome-serial:monome-serial:0.4-SNAPSHOT: checking for updates from maven
[INFO] snapshot polynome:polynome:0.3-SNAPSHOT: checking for updates from clojure
[INFO] snapshot polynome:polynome:0.3-SNAPSHOT: checking for updates from clojure-snapshots
[INFO] snapshot polynome:polynome:0.3-SNAPSHOT: checking for updates from clojars
[INFO] snapshot polynome:polynome:0.3-SNAPSHOT: checking for updates from maven
[INFO] snapshot overtone:scsynth-jna:0.1.2-SNAPSHOT: checking for updates from clojure
[INFO] snapshot overtone:scsynth-jna:0.1.2-SNAPSHOT: checking for updates from clojure-snapshots
[INFO] snapshot overtone:scsynth-jna:0.1.2-SNAPSHOT: checking for updates from clojars
[INFO] snapshot overtone:scsynth-jna:0.1.2-SNAPSHOT: checking for updates from maven
[INFO] snapshot java-osc:java-osc:cvs-SNAPSHOT: checking for updates from clojure
[INFO] snapshot java-osc:java-osc:cvs-SNAPSHOT: checking for updates from clojure-snapshots
[INFO] snapshot java-osc:java-osc:cvs-SNAPSHOT: checking for updates from clojars
[INFO] snapshot java-osc:java-osc:cvs-SNAPSHOT: checking for updates from maven
[INFO] snapshot java-osc:java-osc:cvs-SNAPSHOT: checking for updates from clojars.org
{:server-socket #<ServerSocket ServerSocket[addr=localhost/127.0.0.1,port=0,localport=42320]>, :connections #<Ref@19d4a86: #{}>}
Downloading: monome-serial/monome-serial/0.3.2/monome-serial-0.3.2.pom from repository clojure at http://build.clojure.org/releases
Unable to locate resource in repository
[INFO] Unable to find resource 'monome-serial:monome-serial:pom:0.3.2' in repository clojure (http://build.clojure.org/releases)
Downloading: monome-serial/monome-serial/0.3.2/monome-serial-0.3.2.pom from repository clojure-snapshots at http://build.clojure.org/snapshots
Unable to locate resource in repository
[INFO] Unable to find resource 'monome-serial:monome-serial:pom:0.3.2' in repository clojure-snapshots (http://build.clojure.org/snapshots)
Downloading: monome-serial/monome-serial/0.3.2/monome-serial-0.3.2.pom from repository clojars at http://clojars.org/repo
Transferring 1K from clojars
Downloading: monome-serial/monome-serial/0.3.2/monome-serial-0.3.2.jar from repository clojure at http://build.clojure.org/releases
Unable to locate resource in repository
[INFO] Unable to find resource 'monome-serial:monome-serial:jar:0.3.2' in repository clojure (http://build.clojure.org/releases)
Downloading: monome-serial/monome-serial/0.3.2/monome-serial-0.3.2.jar from repository clojure-snapshots at http://build.clojure.org/snapshots
Unable to locate resource in repository
[INFO] Unable to find resource 'monome-serial:monome-serial:jar:0.3.2' in repository clojure-snapshots (http://build.clojure.org/snapshots)
Downloading: monome-serial/monome-serial/0.3.2/monome-serial-0.3.2.jar from repository clojars at http://clojars.org/repo
Transferring 7K from clojars
{:server-socket #<ServerSocket ServerSocket[addr=localhost/127.0.0.1,port=0,localport=47246]>, :connections #<Ref@18aecf1: #{}>}
{:server-socket #<ServerSocket ServerSocket[addr=localhost/127.0.0.1,port=0,localport=32765]>, :connections #<Ref@19d4a86: #{}>}
